<?xml version="1.0" encoding="UTF-8"?>
<!-- Generated by org.testng.reporters.JUnitXMLReporter -->
<testsuite hostname="LTUS000692" ignored="1" name="Command line test" tests="28" failures="3" timestamp="14 Jan 2019 07:55:26 GMT" time="91.527" errors="0">
  <testcase name="ipvscapabilitiescallCHTR" time="3.157" classname="sth.ipvs.IPVSCapabilitiesTest"/>
  <testcase name="ipvscapabilitiescallTWC" time="0.413" classname="sth.ipvs.IPVSCapabilitiesTest"/>
  <testcase name="ChannelsapiCHTR" time="8.162" classname="sth.ipvs.IPVSSmartTvTest"/>
  <testcase name="ChannelsapiTWC" time="7.268" classname="sth.ipvs.IPVSSmartTvTest"/>
  <testcase name="adobesessionCHTR" time="30.427" classname="sth.ipvs.IPVSSmartTvTest">
    <failure type="java.lang.RuntimeException" message="error getting json data from https://pi.engnew-spectrum.net/ipvs/api/eas/v1/storecustomerfips?customerGuid=51585793&amp;amp;ip=1.1.1.1&amp;amp;mso=CHARTER&amp;amp;requestId=STHAdobeSession-Charter:
HttpResponse:
HTTP/1.1 504 Gateway Timeout
Connection: keep-alive
Content-Length: 176
Content-Type: text/html
Date: Mon, 14 Jan 2019 07:54:47 GMT
Server: openresty
x-trace-id: 5ea609f28177-4dab-0000000000154ecb

&amp;lt;html&amp;gt;
&amp;lt;head&amp;gt;&amp;lt;title&amp;gt;504 Gateway Time-out&amp;lt;/title&amp;gt;&amp;lt;/head&amp;gt;
&amp;lt;body bgcolor=&amp;quot;white&amp;quot;&amp;gt;
&amp;lt;center&amp;gt;&amp;lt;h1&amp;gt;504 Gateway Time-out&amp;lt;/h1&amp;gt;&amp;lt;/center&amp;gt;
&amp;lt;hr&amp;gt;&amp;lt;center&amp;gt;nginx&amp;lt;/center&amp;gt;
&amp;lt;/body&amp;gt;
&amp;lt;/html&amp;gt;
">
      <![CDATA[java.lang.RuntimeException: error getting json data from https://pi.engnew-spectrum.net/ipvs/api/eas/v1/storecustomerfips?customerGuid=51585793&ip=1.1.1.1&mso=CHARTER&requestId=STHAdobeSession-Charter:
HttpResponse:
HTTP/1.1 504 Gateway Timeout
Connection: keep-alive
Content-Length: 176
Content-Type: text/html
Date: Mon, 14 Jan 2019 07:54:47 GMT
Server: openresty
x-trace-id: 5ea609f28177-4dab-0000000000154ecb

<html>
<head><title>504 Gateway Time-out</title></head>
<body bgcolor="white">
<center><h1>504 Gateway Time-out</h1></center>
<hr><center>nginx</center>
</body>
</html>

at sth.ipvs.CustomRequest.getJson(CustomRequest.java:38)
at sth.ipvs.IPVSSmartTvTest.adobesessionCHTR(IPVSSmartTvTest.java:358)
... Removed 35 stack frames]]>
    </failure>
  </testcase> <!-- adobesessionCHTR -->
  <testcase name="adobesessionTWC" time="0.398" classname="sth.ipvs.IPVSSmartTvTest"/>
  <testcase name="bookmarksapiCHTR" time="0.54" classname="sth.ipvs.IPVSSmartTvTest"/>
  <testcase name="bookmarksapiTWC" time="0.489" classname="sth.ipvs.IPVSSmartTvTest"/>
  <testcase name="cdvrgetrecordingsapiCHTR" time="0.307" classname="sth.ipvs.IPVSSmartTvTest">
    <failure type="java.lang.RuntimeException" message="error getting json data from https://pi.engnew-spectrum.net/kumodvr/api/cdvr/v1/users/46bcef3d943720ca9a701506b3780ebe/recordings?status=ALL&amp;amp;requestId=STHGetRecordings-Charter:
HttpResponse:
HTTP/1.1 403 Forbidden
Connection: keep-alive
Content-Length: 10
Content-Type: text/plain
Date: Mon, 14 Jan 2019 07:54:51 GMT
Server: openresty
Transfer-Encoding: chunked
X-PI-Auth-Failure: 9001
x-trace-id: 5ea609f28177-4dab-0000000000154f12

Forbidden
">
      <![CDATA[java.lang.RuntimeException: error getting json data from https://pi.engnew-spectrum.net/kumodvr/api/cdvr/v1/users/46bcef3d943720ca9a701506b3780ebe/recordings?status=ALL&requestId=STHGetRecordings-Charter:
HttpResponse:
HTTP/1.1 403 Forbidden
Connection: keep-alive
Content-Length: 10
Content-Type: text/plain
Date: Mon, 14 Jan 2019 07:54:51 GMT
Server: openresty
Transfer-Encoding: chunked
X-PI-Auth-Failure: 9001
x-trace-id: 5ea609f28177-4dab-0000000000154f12

Forbidden

at sth.ipvs.CustomRequest.getJson(CustomRequest.java:38)
at sth.ipvs.IPVSSmartTvTest.cdvrgetrecordingsapiCHTR(IPVSSmartTvTest.java:396)
... Removed 35 stack frames]]>
    </failure>
  </testcase> <!-- cdvrgetrecordingsapiCHTR -->
  <testcase name="cdvrgetrecordingsapiTWC" time="0.307" classname="sth.ipvs.IPVSSmartTvTest">
    <failure type="java.lang.RuntimeException" message="error getting json data from https://pi.engnew-spectrum.net/kumodvr/api/cdvr/v1/users/4e09854aaf4992240be1cc6935861c4e/recordings?status=ALL&amp;amp;requestId=STHGetRecordings-TWC:
HttpResponse:
HTTP/1.1 403 Forbidden
Connection: keep-alive
Content-Length: 10
Content-Type: text/plain
Date: Mon, 14 Jan 2019 07:54:52 GMT
Server: openresty
Transfer-Encoding: chunked
X-PI-Auth-Failure: 9001
x-trace-id: 5ea609f28177-4dab-0000000000154f14

Forbidden
">
      <![CDATA[java.lang.RuntimeException: error getting json data from https://pi.engnew-spectrum.net/kumodvr/api/cdvr/v1/users/4e09854aaf4992240be1cc6935861c4e/recordings?status=ALL&requestId=STHGetRecordings-TWC:
HttpResponse:
HTTP/1.1 403 Forbidden
Connection: keep-alive
Content-Length: 10
Content-Type: text/plain
Date: Mon, 14 Jan 2019 07:54:52 GMT
Server: openresty
Transfer-Encoding: chunked
X-PI-Auth-Failure: 9001
x-trace-id: 5ea609f28177-4dab-0000000000154f14

Forbidden

at sth.ipvs.CustomRequest.getJson(CustomRequest.java:38)
at sth.ipvs.IPVSSmartTvTest.cdvrgetrecordingsapiTWC(IPVSSmartTvTest.java:407)
... Removed 35 stack frames]]>
    </failure>
  </testcase> <!-- cdvrgetrecordingsapiTWC -->
  <testcase name="favoritesChannelapiCHTR" time="0.407" classname="sth.ipvs.IPVSSmartTvTest"/>
  <testcase name="favoritesChannelapiTWC" time="0.395" classname="sth.ipvs.IPVSSmartTvTest"/>
  <testcase name="fipsapiCHTR" time="0.41" classname="sth.ipvs.IPVSSmartTvTest"/>
  <testcase name="fipsapiTWC" time="0.414" classname="sth.ipvs.IPVSSmartTvTest"/>
  <testcase name="guidegridapiCHTR" time="1.423" classname="sth.ipvs.IPVSSmartTvTest"/>
  <testcase name="guidegridapiTWC" time="1.155" classname="sth.ipvs.IPVSSmartTvTest"/>
  <testcase name="lineupapiCHTR" time="0.379" classname="sth.ipvs.IPVSSmartTvTest"/>
  <testcase name="linuepapiTWC" time="0.423" classname="sth.ipvs.IPVSSmartTvTest"/>
  <testcase name="locationapiCHTR" time="0.409" classname="sth.ipvs.IPVSSmartTvTest"/>
  <testcase name="locationapiTWC" time="0.452" classname="sth.ipvs.IPVSSmartTvTest"/>
  <testcase name="parentalBlockedChannelsapiCHTR" time="10.36" classname="sth.ipvs.IPVSSmartTvTest"/>
  <testcase name="parentalBlockedChannelsapiTWC" time="7.681" classname="sth.ipvs.IPVSSmartTvTest"/>
  <testcase name="parentalcontrolcallCHTR" time="0.412" classname="sth.ipvs.IPVSSmartTvTest"/>
  <testcase name="parentalcontrolcallTWC" time="0.426" classname="sth.ipvs.IPVSSmartTvTest"/>
  <testcase name="parentalratingapiTWC" time="0.389" classname="sth.ipvs.IPVSSmartTvTest"/>
  <testcase name="parentalratingsapiCHTR" time="0.414" classname="sth.ipvs.IPVSSmartTvTest"/>
  <testcase name="watchListapiCHTR" time="0.588" classname="sth.ipvs.IPVSSmartTvTest"/>
  <testcase name="watchListapiTWC" time="0.515" classname="sth.ipvs.IPVSSmartTvTest"/>
  <testcase name="@BeforeSuite initializeIPVS" time="0.0" classname="sth.ipvs.IPVSBaseTest">
    <ignored/>
  </testcase> <!-- @BeforeSuite initializeIPVS -->
</testsuite> <!-- Command line test -->
