<?xml version="1.0" encoding="UTF-8"?>
<!-- Generated by org.testng.reporters.JUnitXMLReporter -->
<testsuite hostname="LTUS000692" ignored="2" name="Command line test" tests="32" failures="3" timestamp="30 Apr 2019 04:57:54 GMT" time="33.741" errors="0">
  <testcase name="ipvscapabilitiescallCHTR" time="2.96" classname="sth.ipvs.IPVSCapabilitiesTest"/>
  <testcase name="ipvscapabilitiescallTWC" time="0.367" classname="sth.ipvs.IPVSCapabilitiesTest"/>
  <testcase name="SVIPVS547" time="0.274" classname="sth.ipvs.IPVSJiraTicketTest">
    <failure type="java.lang.RuntimeException" message="error getting json data from https://pi.engnew-spectrum.net/auth/jwt/token?customerGuid=E4EDB341-C62E-E826-7D49-8514CCAB93E9&amp;amp;requestId=SVIPVS-547:
HttpResponse:
HTTP/1.1 404 Not Found
Connection: keep-alive
Content-Length: 42
Content-Type: text/plain; charset=UTF-8
Date: Tue, 30 Apr 2019 04:57:24 GMT
Server: openresty
X-PI-Datacenter: CTEC
X-PI-Latency: 1 millisecond
x-trace-id: 440bb648ba0f-4cb3-00000000000331ce

The requested resource could not be found.">
      <![CDATA[java.lang.RuntimeException: error getting json data from https://pi.engnew-spectrum.net/auth/jwt/token?customerGuid=E4EDB341-C62E-E826-7D49-8514CCAB93E9&requestId=SVIPVS-547:
HttpResponse:
HTTP/1.1 404 Not Found
Connection: keep-alive
Content-Length: 42
Content-Type: text/plain; charset=UTF-8
Date: Tue, 30 Apr 2019 04:57:24 GMT
Server: openresty
X-PI-Datacenter: CTEC
X-PI-Latency: 1 millisecond
x-trace-id: 440bb648ba0f-4cb3-00000000000331ce

The requested resource could not be found.
at sth.ipvs.CustomRequest.getJson(CustomRequest.java:39)
at sth.ipvs.IPVSJiraTicketTest.SVIPVS547(IPVSJiraTicketTest.java:50)
... Removed 35 stack frames]]>
    </failure>
  </testcase> <!-- SVIPVS547 -->
  <testcase name="SVIPVS579OTTdisabled" time="0.398" classname="sth.ipvs.IPVSJiraTicketTest"/>
  <testcase name="SVIPVS579OTTenabled" time="0.365" classname="sth.ipvs.IPVSJiraTicketTest"/>
  <testcase name="SVIPVS657" time="0.417" classname="sth.ipvs.IPVSJiraTicketTest"/>
  <testcase name="ChannelsapiCHTR" time="3.211" classname="sth.ipvs.IPVSSmartTvTest"/>
  <testcase name="ChannelsapiTWC" time="2.802" classname="sth.ipvs.IPVSSmartTvTest"/>
  <testcase name="adobesessionCHTR" time="0.448" classname="sth.ipvs.IPVSSmartTvTest"/>
  <testcase name="adobesessionTWC" time="0.622" classname="sth.ipvs.IPVSSmartTvTest"/>
  <testcase name="bookmarksapiCHTR" time="0.482" classname="sth.ipvs.IPVSSmartTvTest"/>
  <testcase name="bookmarksapiTWC" time="0.49" classname="sth.ipvs.IPVSSmartTvTest"/>
  <testcase name="cdvrgetrecordingsapiCHTR" time="3.357" classname="sth.ipvs.IPVSSmartTvTest"/>
  <testcase name="cdvrgetrecordingsapiTWC" time="2.948" classname="sth.ipvs.IPVSSmartTvTest"/>
  <testcase name="favoritesChannelapiCHTR" time="0.368" classname="sth.ipvs.IPVSSmartTvTest"/>
  <testcase name="favoritesChannelapiTWC" time="0.348" classname="sth.ipvs.IPVSSmartTvTest"/>
  <testcase name="fipsapiCHTR" time="0.36" classname="sth.ipvs.IPVSSmartTvTest"/>
  <testcase name="fipsapiTWC" time="0.369" classname="sth.ipvs.IPVSSmartTvTest"/>
  <testcase name="guidegridapiCHTR" time="1.598" classname="sth.ipvs.IPVSSmartTvTest"/>
  <testcase name="guidegridapiTWC" time="1.831" classname="sth.ipvs.IPVSSmartTvTest"/>
  <testcase name="lineupapiCHTR" time="0.363" classname="sth.ipvs.IPVSSmartTvTest"/>
  <testcase name="linuepapiTWC" time="0.359" classname="sth.ipvs.IPVSSmartTvTest"/>
  <testcase name="locationapiCHTR" time="0.359" classname="sth.ipvs.IPVSSmartTvTest">
    <failure type="java.lang.RuntimeException" message="error getting json data from https://pi.engnew-spectrum.net/api/smarttv/location/v1?customerGuid=44188798&amp;amp;ip=1.1.1.1&amp;amp;mso=CHARTER&amp;amp;requestId=STHLocation-Charter:
HttpResponse:
HTTP/1.1 500 Internal Server Error
Access-Control-Allow-Headers: WWW-Authenticate,Keep-Alive,User-Agent,X-Requested-With,Cache-Control,Content-Type,X-WayfarerEID
Access-Control-Allow-Methods: GET, DELETE, POST, PUT, OPTIONS
Cache-Control: no-cache,private,no-store
Connection: keep-alive
Content-Length: 33
Content-Type: application/json; charset=utf-8
Date: Tue, 30 Apr 2019 04:57:45 GMT
Failure-Trace: Saint_500_Failure getting BehindOwnModem from saint
Pragma: no-cache
Server: openresty
X-Failure-Message: Failed to obtain BehindOwnModem from saint: Required property [sessionId] not found
X-PI-Datacenter: CTEC
x-trace-id: 440bb648ba0f-4cb3-0000000000033242

{&amp;quot;failure&amp;quot;:&amp;quot;InternalServerError&amp;quot;}">
      <![CDATA[java.lang.RuntimeException: error getting json data from https://pi.engnew-spectrum.net/api/smarttv/location/v1?customerGuid=44188798&ip=1.1.1.1&mso=CHARTER&requestId=STHLocation-Charter:
HttpResponse:
HTTP/1.1 500 Internal Server Error
Access-Control-Allow-Headers: WWW-Authenticate,Keep-Alive,User-Agent,X-Requested-With,Cache-Control,Content-Type,X-WayfarerEID
Access-Control-Allow-Methods: GET, DELETE, POST, PUT, OPTIONS
Cache-Control: no-cache,private,no-store
Connection: keep-alive
Content-Length: 33
Content-Type: application/json; charset=utf-8
Date: Tue, 30 Apr 2019 04:57:45 GMT
Failure-Trace: Saint_500_Failure getting BehindOwnModem from saint
Pragma: no-cache
Server: openresty
X-Failure-Message: Failed to obtain BehindOwnModem from saint: Required property [sessionId] not found
X-PI-Datacenter: CTEC
x-trace-id: 440bb648ba0f-4cb3-0000000000033242

{"failure":"InternalServerError"}
at sth.ipvs.CustomRequest.getJson(CustomRequest.java:39)
at sth.ipvs.IPVSSmartTvTest.locationapiCHTR(IPVSSmartTvTest.java:59)
... Removed 35 stack frames]]>
    </failure>
  </testcase> <!-- locationapiCHTR -->
  <testcase name="locationapiTWC" time="0.358" classname="sth.ipvs.IPVSSmartTvTest">
    <failure type="java.lang.RuntimeException" message="error getting json data from https://pi.engnew-spectrum.net/api/smarttv/location/v1?customerGuid=E4EDB341-C62E-E826-7D49-8514CCAB93E9&amp;amp;ip=1.1.1.1&amp;amp;mso=TWC&amp;amp;requestId=STHLocation-TWC:
HttpResponse:
HTTP/1.1 500 Internal Server Error
Access-Control-Allow-Headers: WWW-Authenticate,Keep-Alive,User-Agent,X-Requested-With,Cache-Control,Content-Type,X-WayfarerEID
Access-Control-Allow-Methods: GET, DELETE, POST, PUT, OPTIONS
Cache-Control: no-cache,private,no-store
Connection: keep-alive
Content-Length: 33
Content-Type: application/json; charset=utf-8
Date: Tue, 30 Apr 2019 04:57:46 GMT
Failure-Trace: Saint_500_Failure getting BehindOwnModem from saint
Pragma: no-cache
Server: openresty
Server-Timing: intid;desc=33634ccee829097f
X-Failure-Message: Failed to obtain BehindOwnModem from saint: Required property [sessionId] not found
X-PI-Datacenter: CTEC
x-trace-id: 440bb648ba0f-4cb3-0000000000033253

{&amp;quot;failure&amp;quot;:&amp;quot;InternalServerError&amp;quot;}">
      <![CDATA[java.lang.RuntimeException: error getting json data from https://pi.engnew-spectrum.net/api/smarttv/location/v1?customerGuid=E4EDB341-C62E-E826-7D49-8514CCAB93E9&ip=1.1.1.1&mso=TWC&requestId=STHLocation-TWC:
HttpResponse:
HTTP/1.1 500 Internal Server Error
Access-Control-Allow-Headers: WWW-Authenticate,Keep-Alive,User-Agent,X-Requested-With,Cache-Control,Content-Type,X-WayfarerEID
Access-Control-Allow-Methods: GET, DELETE, POST, PUT, OPTIONS
Cache-Control: no-cache,private,no-store
Connection: keep-alive
Content-Length: 33
Content-Type: application/json; charset=utf-8
Date: Tue, 30 Apr 2019 04:57:46 GMT
Failure-Trace: Saint_500_Failure getting BehindOwnModem from saint
Pragma: no-cache
Server: openresty
Server-Timing: intid;desc=33634ccee829097f
X-Failure-Message: Failed to obtain BehindOwnModem from saint: Required property [sessionId] not found
X-PI-Datacenter: CTEC
x-trace-id: 440bb648ba0f-4cb3-0000000000033253

{"failure":"InternalServerError"}
at sth.ipvs.CustomRequest.getJson(CustomRequest.java:39)
at sth.ipvs.IPVSSmartTvTest.locationapiTWC(IPVSSmartTvTest.java:72)
... Removed 35 stack frames]]>
    </failure>
  </testcase> <!-- locationapiTWC -->
  <testcase name="parentalBlockedChannelsapiCHTR" time="3.046" classname="sth.ipvs.IPVSSmartTvTest"/>
  <testcase name="parentalBlockedChannelsapiTWC" time="2.598" classname="sth.ipvs.IPVSSmartTvTest"/>
  <testcase name="parentalcontrolcallCHTR" time="0.373" classname="sth.ipvs.IPVSSmartTvTest"/>
  <testcase name="parentalcontrolcallTWC" time="0.366" classname="sth.ipvs.IPVSSmartTvTest"/>
  <testcase name="parentalratingapiTWC" time="0.361" classname="sth.ipvs.IPVSSmartTvTest"/>
  <testcase name="parentalratingsapiCHTR" time="0.365" classname="sth.ipvs.IPVSSmartTvTest"/>
  <testcase name="watchListapiCHTR" time="0.458" classname="sth.ipvs.IPVSSmartTvTest"/>
  <testcase name="watchListapiTWC" time="0.449" classname="sth.ipvs.IPVSSmartTvTest"/>
  <testcase name="@BeforeSuite initializeIPVS" time="0.0" classname="sth.ipvs.IPVSBaseTest">
    <ignored/>
  </testcase> <!-- @BeforeSuite initializeIPVS -->
  <testcase name="@BeforeSuite initializeIPVS" time="0.0" classname="sth.ipvs.IPVSBaseTest">
    <ignored/>
  </testcase> <!-- @BeforeSuite initializeIPVS -->
</testsuite> <!-- Command line test -->
