<?xml version="1.0" encoding="UTF-8"?>
<testng-results skipped="0" failed="3" ignored="1" total="29" passed="25">
  <reporter-output>
  </reporter-output>
  <suite name="Command line suite" duration-ms="91527" started-at="2019-01-14T07:53:54Z" finished-at="2019-01-14T07:55:26Z">
    <groups>
    </groups>
    <test name="Command line test" duration-ms="91527" started-at="2019-01-14T07:53:54Z" finished-at="2019-01-14T07:55:26Z">
      <class name="sth.ipvs.IPVSSmartTvTest">
        <test-method status="PASS" signature="setupSTHTest(java.lang.reflect.Method, org.testng.ITestResult)[pri:0, instance:sth.ipvs.IPVSSmartTvTest@37d4349f]" name="setupSTHTest" is-config="true" duration-ms="2" started-at="2019-01-14T07:54:00Z" finished-at="2019-01-14T07:54:00Z">
          <params>
            <param index="0">
              <value>
                <![CDATA[public void sth.ipvs.IPVSSmartTvTest.ChannelsapiCHTR()]]>
              </value>
            </param>
            <param index="1">
              <value>
                <![CDATA[[TestResult name=ChannelsapiCHTR status=SUCCESS method=IPVSSmartTvTest.ChannelsapiCHTR()[pri:0, instance:sth.ipvs.IPVSSmartTvTest@37d4349f] output={null}]]]>
              </value>
            </param>
          </params>
          <reporter-output>
          </reporter-output>
        </test-method> <!-- setupSTHTest -->
        <test-method status="PASS" signature="testStartup()[pri:0, instance:sth.ipvs.IPVSSmartTvTest@37d4349f]" name="testStartup" is-config="true" duration-ms="1" started-at="2019-01-14T07:54:00Z" finished-at="2019-01-14T07:54:00Z">
          <reporter-output>
          </reporter-output>
        </test-method> <!-- testStartup -->
        <test-method status="PASS" signature="ChannelsapiCHTR()[pri:0, instance:sth.ipvs.IPVSSmartTvTest@37d4349f]" name="ChannelsapiCHTR" duration-ms="8162" started-at="2019-01-14T07:54:00Z" finished-at="2019-01-14T07:54:08Z">
          <reporter-output>
          </reporter-output>
        </test-method> <!-- ChannelsapiCHTR -->
        <test-method status="PASS" signature="reportTest(org.testng.ITestResult)[pri:0, instance:sth.ipvs.IPVSSmartTvTest@37d4349f]" name="reportTest" is-config="true" duration-ms="701" started-at="2019-01-14T07:54:08Z" finished-at="2019-01-14T07:54:09Z">
          <params>
            <param index="0">
              <value>
                <![CDATA[[TestResult name=ChannelsapiCHTR status=SUCCESS method=IPVSSmartTvTest.ChannelsapiCHTR()[pri:0, instance:sth.ipvs.IPVSSmartTvTest@37d4349f] output={null}]]]>
              </value>
            </param>
          </params>
          <reporter-output>
          </reporter-output>
        </test-method> <!-- reportTest -->
        <test-method status="PASS" signature="setupSTHTest(java.lang.reflect.Method, org.testng.ITestResult)[pri:0, instance:sth.ipvs.IPVSSmartTvTest@37d4349f]" name="setupSTHTest" is-config="true" duration-ms="1" started-at="2019-01-14T07:54:09Z" finished-at="2019-01-14T07:54:09Z">
          <params>
            <param index="0">
              <value>
                <![CDATA[public void sth.ipvs.IPVSSmartTvTest.ChannelsapiTWC()]]>
              </value>
            </param>
            <param index="1">
              <value>
                <![CDATA[[TestResult name=ChannelsapiTWC status=SUCCESS method=IPVSSmartTvTest.ChannelsapiTWC()[pri:0, instance:sth.ipvs.IPVSSmartTvTest@37d4349f] output={null}]]]>
              </value>
            </param>
          </params>
          <reporter-output>
          </reporter-output>
        </test-method> <!-- setupSTHTest -->
        <test-method status="PASS" signature="runCleanupMethods()[pri:0, instance:sth.ipvs.IPVSSmartTvTest@37d4349f]" name="runCleanupMethods" is-config="true" duration-ms="0" started-at="2019-01-14T07:54:09Z" finished-at="2019-01-14T07:54:09Z">
          <reporter-output>
          </reporter-output>
        </test-method> <!-- runCleanupMethods -->
        <test-method status="PASS" signature="ChannelsapiTWC()[pri:0, instance:sth.ipvs.IPVSSmartTvTest@37d4349f]" name="ChannelsapiTWC" duration-ms="7268" started-at="2019-01-14T07:54:09Z" finished-at="2019-01-14T07:54:16Z">
          <reporter-output>
          </reporter-output>
        </test-method> <!-- ChannelsapiTWC -->
        <test-method status="PASS" signature="testStartup()[pri:0, instance:sth.ipvs.IPVSSmartTvTest@37d4349f]" name="testStartup" is-config="true" duration-ms="0" started-at="2019-01-14T07:54:09Z" finished-at="2019-01-14T07:54:09Z">
          <reporter-output>
          </reporter-output>
        </test-method> <!-- testStartup -->
        <test-method status="PASS" signature="reportTest(org.testng.ITestResult)[pri:0, instance:sth.ipvs.IPVSSmartTvTest@37d4349f]" name="reportTest" is-config="true" duration-ms="635" started-at="2019-01-14T07:54:16Z" finished-at="2019-01-14T07:54:16Z">
          <params>
            <param index="0">
              <value>
                <![CDATA[[TestResult name=ChannelsapiTWC status=SUCCESS method=IPVSSmartTvTest.ChannelsapiTWC()[pri:0, instance:sth.ipvs.IPVSSmartTvTest@37d4349f] output={null}]]]>
              </value>
            </param>
          </params>
          <reporter-output>
          </reporter-output>
        </test-method> <!-- reportTest -->
        <test-method status="PASS" signature="setupSTHTest(java.lang.reflect.Method, org.testng.ITestResult)[pri:0, instance:sth.ipvs.IPVSSmartTvTest@37d4349f]" name="setupSTHTest" is-config="true" duration-ms="1" started-at="2019-01-14T07:54:16Z" finished-at="2019-01-14T07:54:16Z">
          <params>
            <param index="0">
              <value>
                <![CDATA[public void sth.ipvs.IPVSSmartTvTest.adobesessionCHTR()]]>
              </value>
            </param>
            <param index="1">
              <value>
                <![CDATA[[TestResult name=adobesessionCHTR status=FAILURE method=IPVSSmartTvTest.adobesessionCHTR()[pri:0, instance:sth.ipvs.IPVSSmartTvTest@37d4349f] output={null}]]]>
              </value>
            </param>
          </params>
          <reporter-output>
          </reporter-output>
        </test-method> <!-- setupSTHTest -->
        <test-method status="PASS" signature="runCleanupMethods()[pri:0, instance:sth.ipvs.IPVSSmartTvTest@37d4349f]" name="runCleanupMethods" is-config="true" duration-ms="0" started-at="2019-01-14T07:54:16Z" finished-at="2019-01-14T07:54:16Z">
          <reporter-output>
          </reporter-output>
        </test-method> <!-- runCleanupMethods -->
        <test-method status="PASS" signature="testStartup()[pri:0, instance:sth.ipvs.IPVSSmartTvTest@37d4349f]" name="testStartup" is-config="true" duration-ms="1" started-at="2019-01-14T07:54:16Z" finished-at="2019-01-14T07:54:16Z">
          <reporter-output>
          </reporter-output>
        </test-method> <!-- testStartup -->
        <test-method status="FAIL" signature="adobesessionCHTR()[pri:0, instance:sth.ipvs.IPVSSmartTvTest@37d4349f]" name="adobesessionCHTR" duration-ms="30427" started-at="2019-01-14T07:54:16Z" finished-at="2019-01-14T07:54:47Z">
          <exception class="java.lang.RuntimeException">
            <message>
              <![CDATA[error getting json data from https://pi.engnew-spectrum.net/ipvs/api/eas/v1/storecustomerfips?customerGuid=51585793&ip=1.1.1.1&mso=CHARTER&requestId=STHAdobeSession-Charter:
HttpResponse:
HTTP/1.1 504 Gateway Timeout
Connection: keep-alive
Content-Length: 176
Content-Type: text/html
Date: Mon, 14 Jan 2019 07:54:47 GMT
Server: openresty
x-trace-id: 5ea609f28177-4dab-0000000000154ecb

<html>
<head><title>504 Gateway Time-out</title></head>
<body bgcolor="white">
<center><h1>504 Gateway Time-out</h1></center>
<hr><center>nginx</center>
</body>
</html>
]]>
            </message>
            <full-stacktrace>
              <![CDATA[java.lang.RuntimeException: error getting json data from https://pi.engnew-spectrum.net/ipvs/api/eas/v1/storecustomerfips?customerGuid=51585793&ip=1.1.1.1&mso=CHARTER&requestId=STHAdobeSession-Charter:
HttpResponse:
HTTP/1.1 504 Gateway Timeout
Connection: keep-alive
Content-Length: 176
Content-Type: text/html
Date: Mon, 14 Jan 2019 07:54:47 GMT
Server: openresty
x-trace-id: 5ea609f28177-4dab-0000000000154ecb

<html>
<head><title>504 Gateway Time-out</title></head>
<body bgcolor="white">
<center><h1>504 Gateway Time-out</h1></center>
<hr><center>nginx</center>
</body>
</html>

at sth.ipvs.CustomRequest.getJson(CustomRequest.java:38)
at sth.ipvs.IPVSSmartTvTest.adobesessionCHTR(IPVSSmartTvTest.java:358)
at sun.reflect.NativeMethodAccessorImpl.invoke0(Native Method)
at sun.reflect.NativeMethodAccessorImpl.invoke(NativeMethodAccessorImpl.java:62)
at sun.reflect.DelegatingMethodAccessorImpl.invoke(DelegatingMethodAccessorImpl.java:43)
at java.lang.reflect.Method.invoke(Method.java:498)
at org.testng.internal.MethodInvocationHelper.invokeMethod(MethodInvocationHelper.java:124)
at org.testng.internal.Invoker.invokeMethod(Invoker.java:583)
at org.testng.internal.Invoker.invokeTestMethod(Invoker.java:719)
at org.testng.internal.Invoker.invokeTestMethods(Invoker.java:989)
at org.testng.internal.TestMethodWorker.invokeTestMethods(TestMethodWorker.java:125)
at org.testng.internal.TestMethodWorker.run(TestMethodWorker.java:109)
at org.testng.TestRunner.privateRun(TestRunner.java:648)
at org.testng.TestRunner.run(TestRunner.java:505)
at org.testng.SuiteRunner.runTest(SuiteRunner.java:455)
at org.testng.SuiteRunner.runSequentially(SuiteRunner.java:450)
at org.testng.SuiteRunner.privateRun(SuiteRunner.java:415)
at org.testng.SuiteRunner.run(SuiteRunner.java:364)
at org.testng.SuiteRunnerWorker.runSuite(SuiteRunnerWorker.java:52)
at org.testng.SuiteRunnerWorker.run(SuiteRunnerWorker.java:84)
at org.testng.TestNG.runSuitesSequentially(TestNG.java:1208)
at org.testng.TestNG.runSuitesLocally(TestNG.java:1137)
at org.testng.TestNG.runSuites(TestNG.java:1049)
at org.testng.TestNG.run(TestNG.java:1017)
at org.apache.maven.surefire.testng.TestNGExecutor.run(TestNGExecutor.java:77)
at org.apache.maven.surefire.testng.TestNGDirectoryTestSuite.executeMulti(TestNGDirectoryTestSuite.java:159)
at org.apache.maven.surefire.testng.TestNGDirectoryTestSuite.execute(TestNGDirectoryTestSuite.java:99)
at org.apache.maven.surefire.testng.TestNGProvider.invoke(TestNGProvider.java:106)
at sun.reflect.NativeMethodAccessorImpl.invoke0(Native Method)
at sun.reflect.NativeMethodAccessorImpl.invoke(NativeMethodAccessorImpl.java:62)
at sun.reflect.DelegatingMethodAccessorImpl.invoke(DelegatingMethodAccessorImpl.java:43)
at java.lang.reflect.Method.invoke(Method.java:498)
at org.apache.maven.surefire.util.ReflectionUtils.invokeMethodWithArray(ReflectionUtils.java:189)
at org.apache.maven.surefire.booter.ProviderFactory$ProviderProxy.invoke(ProviderFactory.java:165)
at org.apache.maven.surefire.booter.ProviderFactory.invokeProvider(ProviderFactory.java:85)
at org.apache.maven.surefire.booter.ForkedBooter.runSuitesInProcess(ForkedBooter.java:115)
at org.apache.maven.surefire.booter.ForkedBooter.main(ForkedBooter.java:75)
]]>
            </full-stacktrace>
          </exception> <!-- java.lang.RuntimeException -->
          <reporter-output>
          </reporter-output>
        </test-method> <!-- adobesessionCHTR -->
        <test-method status="PASS" signature="reportTest(org.testng.ITestResult)[pri:0, instance:sth.ipvs.IPVSSmartTvTest@37d4349f]" name="reportTest" is-config="true" duration-ms="824" started-at="2019-01-14T07:54:47Z" finished-at="2019-01-14T07:54:48Z">
          <params>
            <param index="0">
              <value>
                <![CDATA[[TestResult name=adobesessionCHTR status=FAILURE method=IPVSSmartTvTest.adobesessionCHTR()[pri:0, instance:sth.ipvs.IPVSSmartTvTest@37d4349f] output={null}]]]>
              </value>
            </param>
          </params>
          <reporter-output>
          </reporter-output>
        </test-method> <!-- reportTest -->
        <test-method status="PASS" signature="setupSTHTest(java.lang.reflect.Method, org.testng.ITestResult)[pri:0, instance:sth.ipvs.IPVSSmartTvTest@37d4349f]" name="setupSTHTest" is-config="true" duration-ms="1" started-at="2019-01-14T07:54:48Z" finished-at="2019-01-14T07:54:48Z">
          <params>
            <param index="0">
              <value>
                <![CDATA[public void sth.ipvs.IPVSSmartTvTest.adobesessionTWC()]]>
              </value>
            </param>
            <param index="1">
              <value>
                <![CDATA[[TestResult name=adobesessionTWC status=SUCCESS method=IPVSSmartTvTest.adobesessionTWC()[pri:0, instance:sth.ipvs.IPVSSmartTvTest@37d4349f] output={null}]]]>
              </value>
            </param>
          </params>
          <reporter-output>
          </reporter-output>
        </test-method> <!-- setupSTHTest -->
        <test-method status="PASS" signature="runCleanupMethods()[pri:0, instance:sth.ipvs.IPVSSmartTvTest@37d4349f]" name="runCleanupMethods" is-config="true" duration-ms="0" started-at="2019-01-14T07:54:48Z" finished-at="2019-01-14T07:54:48Z">
          <reporter-output>
          </reporter-output>
        </test-method> <!-- runCleanupMethods -->
        <test-method status="PASS" signature="testStartup()[pri:0, instance:sth.ipvs.IPVSSmartTvTest@37d4349f]" name="testStartup" is-config="true" duration-ms="1" started-at="2019-01-14T07:54:48Z" finished-at="2019-01-14T07:54:48Z">
          <reporter-output>
          </reporter-output>
        </test-method> <!-- testStartup -->
        <test-method status="PASS" signature="adobesessionTWC()[pri:0, instance:sth.ipvs.IPVSSmartTvTest@37d4349f]" name="adobesessionTWC" duration-ms="398" started-at="2019-01-14T07:54:48Z" finished-at="2019-01-14T07:54:48Z">
          <reporter-output>
          </reporter-output>
        </test-method> <!-- adobesessionTWC -->
        <test-method status="PASS" signature="reportTest(org.testng.ITestResult)[pri:0, instance:sth.ipvs.IPVSSmartTvTest@37d4349f]" name="reportTest" is-config="true" duration-ms="328" started-at="2019-01-14T07:54:48Z" finished-at="2019-01-14T07:54:48Z">
          <params>
            <param index="0">
              <value>
                <![CDATA[[TestResult name=adobesessionTWC status=SUCCESS method=IPVSSmartTvTest.adobesessionTWC()[pri:0, instance:sth.ipvs.IPVSSmartTvTest@37d4349f] output={null}]]]>
              </value>
            </param>
          </params>
          <reporter-output>
          </reporter-output>
        </test-method> <!-- reportTest -->
        <test-method status="PASS" signature="runCleanupMethods()[pri:0, instance:sth.ipvs.IPVSSmartTvTest@37d4349f]" name="runCleanupMethods" is-config="true" duration-ms="0" started-at="2019-01-14T07:54:48Z" finished-at="2019-01-14T07:54:48Z">
          <reporter-output>
          </reporter-output>
        </test-method> <!-- runCleanupMethods -->
        <test-method status="PASS" signature="setupSTHTest(java.lang.reflect.Method, org.testng.ITestResult)[pri:0, instance:sth.ipvs.IPVSSmartTvTest@37d4349f]" name="setupSTHTest" is-config="true" duration-ms="1" started-at="2019-01-14T07:54:48Z" finished-at="2019-01-14T07:54:48Z">
          <params>
            <param index="0">
              <value>
                <![CDATA[public void sth.ipvs.IPVSSmartTvTest.bookmarksapiCHTR()]]>
              </value>
            </param>
            <param index="1">
              <value>
                <![CDATA[[TestResult name=bookmarksapiCHTR status=SUCCESS method=IPVSSmartTvTest.bookmarksapiCHTR()[pri:0, instance:sth.ipvs.IPVSSmartTvTest@37d4349f] output={null}]]]>
              </value>
            </param>
          </params>
          <reporter-output>
          </reporter-output>
        </test-method> <!-- setupSTHTest -->
        <test-method status="PASS" signature="testStartup()[pri:0, instance:sth.ipvs.IPVSSmartTvTest@37d4349f]" name="testStartup" is-config="true" duration-ms="1" started-at="2019-01-14T07:54:48Z" finished-at="2019-01-14T07:54:48Z">
          <reporter-output>
          </reporter-output>
        </test-method> <!-- testStartup -->
        <test-method status="PASS" signature="bookmarksapiCHTR()[pri:0, instance:sth.ipvs.IPVSSmartTvTest@37d4349f]" name="bookmarksapiCHTR" duration-ms="540" started-at="2019-01-14T07:54:48Z" finished-at="2019-01-14T07:54:49Z">
          <reporter-output>
          </reporter-output>
        </test-method> <!-- bookmarksapiCHTR -->
        <test-method status="PASS" signature="reportTest(org.testng.ITestResult)[pri:0, instance:sth.ipvs.IPVSSmartTvTest@37d4349f]" name="reportTest" is-config="true" duration-ms="457" started-at="2019-01-14T07:54:49Z" finished-at="2019-01-14T07:54:49Z">
          <params>
            <param index="0">
              <value>
                <![CDATA[[TestResult name=bookmarksapiCHTR status=SUCCESS method=IPVSSmartTvTest.bookmarksapiCHTR()[pri:0, instance:sth.ipvs.IPVSSmartTvTest@37d4349f] output={null}]]]>
              </value>
            </param>
          </params>
          <reporter-output>
          </reporter-output>
        </test-method> <!-- reportTest -->
        <test-method status="PASS" signature="runCleanupMethods()[pri:0, instance:sth.ipvs.IPVSSmartTvTest@37d4349f]" name="runCleanupMethods" is-config="true" duration-ms="3" started-at="2019-01-14T07:54:49Z" finished-at="2019-01-14T07:54:49Z">
          <reporter-output>
          </reporter-output>
        </test-method> <!-- runCleanupMethods -->
        <test-method status="PASS" signature="setupSTHTest(java.lang.reflect.Method, org.testng.ITestResult)[pri:0, instance:sth.ipvs.IPVSSmartTvTest@37d4349f]" name="setupSTHTest" is-config="true" duration-ms="1" started-at="2019-01-14T07:54:49Z" finished-at="2019-01-14T07:54:49Z">
          <params>
            <param index="0">
              <value>
                <![CDATA[public void sth.ipvs.IPVSSmartTvTest.bookmarksapiTWC()]]>
              </value>
            </param>
            <param index="1">
              <value>
                <![CDATA[[TestResult name=bookmarksapiTWC status=SUCCESS method=IPVSSmartTvTest.bookmarksapiTWC()[pri:0, instance:sth.ipvs.IPVSSmartTvTest@37d4349f] output={null}]]]>
              </value>
            </param>
          </params>
          <reporter-output>
          </reporter-output>
        </test-method> <!-- setupSTHTest -->
        <test-method status="PASS" signature="bookmarksapiTWC()[pri:0, instance:sth.ipvs.IPVSSmartTvTest@37d4349f]" name="bookmarksapiTWC" duration-ms="489" started-at="2019-01-14T07:54:49Z" finished-at="2019-01-14T07:54:50Z">
          <reporter-output>
          </reporter-output>
        </test-method> <!-- bookmarksapiTWC -->
        <test-method status="PASS" signature="testStartup()[pri:0, instance:sth.ipvs.IPVSSmartTvTest@37d4349f]" name="testStartup" is-config="true" duration-ms="0" started-at="2019-01-14T07:54:49Z" finished-at="2019-01-14T07:54:49Z">
          <reporter-output>
          </reporter-output>
        </test-method> <!-- testStartup -->
        <test-method status="PASS" signature="reportTest(org.testng.ITestResult)[pri:0, instance:sth.ipvs.IPVSSmartTvTest@37d4349f]" name="reportTest" is-config="true" duration-ms="321" started-at="2019-01-14T07:54:50Z" finished-at="2019-01-14T07:54:50Z">
          <params>
            <param index="0">
              <value>
                <![CDATA[[TestResult name=bookmarksapiTWC status=SUCCESS method=IPVSSmartTvTest.bookmarksapiTWC()[pri:0, instance:sth.ipvs.IPVSSmartTvTest@37d4349f] output={null}]]]>
              </value>
            </param>
          </params>
          <reporter-output>
          </reporter-output>
        </test-method> <!-- reportTest -->
        <test-method status="PASS" signature="runCleanupMethods()[pri:0, instance:sth.ipvs.IPVSSmartTvTest@37d4349f]" name="runCleanupMethods" is-config="true" duration-ms="1" started-at="2019-01-14T07:54:50Z" finished-at="2019-01-14T07:54:50Z">
          <reporter-output>
          </reporter-output>
        </test-method> <!-- runCleanupMethods -->
        <test-method status="PASS" signature="setupSTHTest(java.lang.reflect.Method, org.testng.ITestResult)[pri:0, instance:sth.ipvs.IPVSSmartTvTest@37d4349f]" name="setupSTHTest" is-config="true" duration-ms="1" started-at="2019-01-14T07:54:50Z" finished-at="2019-01-14T07:54:50Z">
          <params>
            <param index="0">
              <value>
                <![CDATA[public void sth.ipvs.IPVSSmartTvTest.cdvrgetrecordingsapiCHTR()]]>
              </value>
            </param>
            <param index="1">
              <value>
                <![CDATA[[TestResult name=cdvrgetrecordingsapiCHTR status=FAILURE method=IPVSSmartTvTest.cdvrgetrecordingsapiCHTR()[pri:0, instance:sth.ipvs.IPVSSmartTvTest@37d4349f] output={null}]]]>
              </value>
            </param>
          </params>
          <reporter-output>
          </reporter-output>
        </test-method> <!-- setupSTHTest -->
        <test-method status="FAIL" signature="cdvrgetrecordingsapiCHTR()[pri:0, instance:sth.ipvs.IPVSSmartTvTest@37d4349f]" name="cdvrgetrecordingsapiCHTR" duration-ms="307" started-at="2019-01-14T07:54:50Z" finished-at="2019-01-14T07:54:51Z">
          <exception class="java.lang.RuntimeException">
            <message>
              <![CDATA[error getting json data from https://pi.engnew-spectrum.net/kumodvr/api/cdvr/v1/users/46bcef3d943720ca9a701506b3780ebe/recordings?status=ALL&requestId=STHGetRecordings-Charter:
HttpResponse:
HTTP/1.1 403 Forbidden
Connection: keep-alive
Content-Length: 10
Content-Type: text/plain
Date: Mon, 14 Jan 2019 07:54:51 GMT
Server: openresty
Transfer-Encoding: chunked
X-PI-Auth-Failure: 9001
x-trace-id: 5ea609f28177-4dab-0000000000154f12

Forbidden
]]>
            </message>
            <full-stacktrace>
              <![CDATA[java.lang.RuntimeException: error getting json data from https://pi.engnew-spectrum.net/kumodvr/api/cdvr/v1/users/46bcef3d943720ca9a701506b3780ebe/recordings?status=ALL&requestId=STHGetRecordings-Charter:
HttpResponse:
HTTP/1.1 403 Forbidden
Connection: keep-alive
Content-Length: 10
Content-Type: text/plain
Date: Mon, 14 Jan 2019 07:54:51 GMT
Server: openresty
Transfer-Encoding: chunked
X-PI-Auth-Failure: 9001
x-trace-id: 5ea609f28177-4dab-0000000000154f12

Forbidden

at sth.ipvs.CustomRequest.getJson(CustomRequest.java:38)
at sth.ipvs.IPVSSmartTvTest.cdvrgetrecordingsapiCHTR(IPVSSmartTvTest.java:396)
at sun.reflect.NativeMethodAccessorImpl.invoke0(Native Method)
at sun.reflect.NativeMethodAccessorImpl.invoke(NativeMethodAccessorImpl.java:62)
at sun.reflect.DelegatingMethodAccessorImpl.invoke(DelegatingMethodAccessorImpl.java:43)
at java.lang.reflect.Method.invoke(Method.java:498)
at org.testng.internal.MethodInvocationHelper.invokeMethod(MethodInvocationHelper.java:124)
at org.testng.internal.Invoker.invokeMethod(Invoker.java:583)
at org.testng.internal.Invoker.invokeTestMethod(Invoker.java:719)
at org.testng.internal.Invoker.invokeTestMethods(Invoker.java:989)
at org.testng.internal.TestMethodWorker.invokeTestMethods(TestMethodWorker.java:125)
at org.testng.internal.TestMethodWorker.run(TestMethodWorker.java:109)
at org.testng.TestRunner.privateRun(TestRunner.java:648)
at org.testng.TestRunner.run(TestRunner.java:505)
at org.testng.SuiteRunner.runTest(SuiteRunner.java:455)
at org.testng.SuiteRunner.runSequentially(SuiteRunner.java:450)
at org.testng.SuiteRunner.privateRun(SuiteRunner.java:415)
at org.testng.SuiteRunner.run(SuiteRunner.java:364)
at org.testng.SuiteRunnerWorker.runSuite(SuiteRunnerWorker.java:52)
at org.testng.SuiteRunnerWorker.run(SuiteRunnerWorker.java:84)
at org.testng.TestNG.runSuitesSequentially(TestNG.java:1208)
at org.testng.TestNG.runSuitesLocally(TestNG.java:1137)
at org.testng.TestNG.runSuites(TestNG.java:1049)
at org.testng.TestNG.run(TestNG.java:1017)
at org.apache.maven.surefire.testng.TestNGExecutor.run(TestNGExecutor.java:77)
at org.apache.maven.surefire.testng.TestNGDirectoryTestSuite.executeMulti(TestNGDirectoryTestSuite.java:159)
at org.apache.maven.surefire.testng.TestNGDirectoryTestSuite.execute(TestNGDirectoryTestSuite.java:99)
at org.apache.maven.surefire.testng.TestNGProvider.invoke(TestNGProvider.java:106)
at sun.reflect.NativeMethodAccessorImpl.invoke0(Native Method)
at sun.reflect.NativeMethodAccessorImpl.invoke(NativeMethodAccessorImpl.java:62)
at sun.reflect.DelegatingMethodAccessorImpl.invoke(DelegatingMethodAccessorImpl.java:43)
at java.lang.reflect.Method.invoke(Method.java:498)
at org.apache.maven.surefire.util.ReflectionUtils.invokeMethodWithArray(ReflectionUtils.java:189)
at org.apache.maven.surefire.booter.ProviderFactory$ProviderProxy.invoke(ProviderFactory.java:165)
at org.apache.maven.surefire.booter.ProviderFactory.invokeProvider(ProviderFactory.java:85)
at org.apache.maven.surefire.booter.ForkedBooter.runSuitesInProcess(ForkedBooter.java:115)
at org.apache.maven.surefire.booter.ForkedBooter.main(ForkedBooter.java:75)
]]>
            </full-stacktrace>
          </exception> <!-- java.lang.RuntimeException -->
          <reporter-output>
          </reporter-output>
        </test-method> <!-- cdvrgetrecordingsapiCHTR -->
        <test-method status="PASS" signature="testStartup()[pri:0, instance:sth.ipvs.IPVSSmartTvTest@37d4349f]" name="testStartup" is-config="true" duration-ms="0" started-at="2019-01-14T07:54:50Z" finished-at="2019-01-14T07:54:50Z">
          <reporter-output>
          </reporter-output>
        </test-method> <!-- testStartup -->
        <test-method status="PASS" signature="reportTest(org.testng.ITestResult)[pri:0, instance:sth.ipvs.IPVSSmartTvTest@37d4349f]" name="reportTest" is-config="true" duration-ms="319" started-at="2019-01-14T07:54:51Z" finished-at="2019-01-14T07:54:51Z">
          <params>
            <param index="0">
              <value>
                <![CDATA[[TestResult name=cdvrgetrecordingsapiCHTR status=FAILURE method=IPVSSmartTvTest.cdvrgetrecordingsapiCHTR()[pri:0, instance:sth.ipvs.IPVSSmartTvTest@37d4349f] output={null}]]]>
              </value>
            </param>
          </params>
          <reporter-output>
          </reporter-output>
        </test-method> <!-- reportTest -->
        <test-method status="PASS" signature="runCleanupMethods()[pri:0, instance:sth.ipvs.IPVSSmartTvTest@37d4349f]" name="runCleanupMethods" is-config="true" duration-ms="1" started-at="2019-01-14T07:54:51Z" finished-at="2019-01-14T07:54:51Z">
          <reporter-output>
          </reporter-output>
        </test-method> <!-- runCleanupMethods -->
        <test-method status="PASS" signature="setupSTHTest(java.lang.reflect.Method, org.testng.ITestResult)[pri:0, instance:sth.ipvs.IPVSSmartTvTest@37d4349f]" name="setupSTHTest" is-config="true" duration-ms="1" started-at="2019-01-14T07:54:51Z" finished-at="2019-01-14T07:54:51Z">
          <params>
            <param index="0">
              <value>
                <![CDATA[public void sth.ipvs.IPVSSmartTvTest.cdvrgetrecordingsapiTWC()]]>
              </value>
            </param>
            <param index="1">
              <value>
                <![CDATA[[TestResult name=cdvrgetrecordingsapiTWC status=FAILURE method=IPVSSmartTvTest.cdvrgetrecordingsapiTWC()[pri:0, instance:sth.ipvs.IPVSSmartTvTest@37d4349f] output={null}]]]>
              </value>
            </param>
          </params>
          <reporter-output>
          </reporter-output>
        </test-method> <!-- setupSTHTest -->
        <test-method status="PASS" signature="testStartup()[pri:0, instance:sth.ipvs.IPVSSmartTvTest@37d4349f]" name="testStartup" is-config="true" duration-ms="1" started-at="2019-01-14T07:54:51Z" finished-at="2019-01-14T07:54:51Z">
          <reporter-output>
          </reporter-output>
        </test-method> <!-- testStartup -->
        <test-method status="FAIL" signature="cdvrgetrecordingsapiTWC()[pri:0, instance:sth.ipvs.IPVSSmartTvTest@37d4349f]" name="cdvrgetrecordingsapiTWC" duration-ms="307" started-at="2019-01-14T07:54:51Z" finished-at="2019-01-14T07:54:51Z">
          <exception class="java.lang.RuntimeException">
            <message>
              <![CDATA[error getting json data from https://pi.engnew-spectrum.net/kumodvr/api/cdvr/v1/users/4e09854aaf4992240be1cc6935861c4e/recordings?status=ALL&requestId=STHGetRecordings-TWC:
HttpResponse:
HTTP/1.1 403 Forbidden
Connection: keep-alive
Content-Length: 10
Content-Type: text/plain
Date: Mon, 14 Jan 2019 07:54:52 GMT
Server: openresty
Transfer-Encoding: chunked
X-PI-Auth-Failure: 9001
x-trace-id: 5ea609f28177-4dab-0000000000154f14

Forbidden
]]>
            </message>
            <full-stacktrace>
              <![CDATA[java.lang.RuntimeException: error getting json data from https://pi.engnew-spectrum.net/kumodvr/api/cdvr/v1/users/4e09854aaf4992240be1cc6935861c4e/recordings?status=ALL&requestId=STHGetRecordings-TWC:
HttpResponse:
HTTP/1.1 403 Forbidden
Connection: keep-alive
Content-Length: 10
Content-Type: text/plain
Date: Mon, 14 Jan 2019 07:54:52 GMT
Server: openresty
Transfer-Encoding: chunked
X-PI-Auth-Failure: 9001
x-trace-id: 5ea609f28177-4dab-0000000000154f14

Forbidden

at sth.ipvs.CustomRequest.getJson(CustomRequest.java:38)
at sth.ipvs.IPVSSmartTvTest.cdvrgetrecordingsapiTWC(IPVSSmartTvTest.java:407)
at sun.reflect.NativeMethodAccessorImpl.invoke0(Native Method)
at sun.reflect.NativeMethodAccessorImpl.invoke(NativeMethodAccessorImpl.java:62)
at sun.reflect.DelegatingMethodAccessorImpl.invoke(DelegatingMethodAccessorImpl.java:43)
at java.lang.reflect.Method.invoke(Method.java:498)
at org.testng.internal.MethodInvocationHelper.invokeMethod(MethodInvocationHelper.java:124)
at org.testng.internal.Invoker.invokeMethod(Invoker.java:583)
at org.testng.internal.Invoker.invokeTestMethod(Invoker.java:719)
at org.testng.internal.Invoker.invokeTestMethods(Invoker.java:989)
at org.testng.internal.TestMethodWorker.invokeTestMethods(TestMethodWorker.java:125)
at org.testng.internal.TestMethodWorker.run(TestMethodWorker.java:109)
at org.testng.TestRunner.privateRun(TestRunner.java:648)
at org.testng.TestRunner.run(TestRunner.java:505)
at org.testng.SuiteRunner.runTest(SuiteRunner.java:455)
at org.testng.SuiteRunner.runSequentially(SuiteRunner.java:450)
at org.testng.SuiteRunner.privateRun(SuiteRunner.java:415)
at org.testng.SuiteRunner.run(SuiteRunner.java:364)
at org.testng.SuiteRunnerWorker.runSuite(SuiteRunnerWorker.java:52)
at org.testng.SuiteRunnerWorker.run(SuiteRunnerWorker.java:84)
at org.testng.TestNG.runSuitesSequentially(TestNG.java:1208)
at org.testng.TestNG.runSuitesLocally(TestNG.java:1137)
at org.testng.TestNG.runSuites(TestNG.java:1049)
at org.testng.TestNG.run(TestNG.java:1017)
at org.apache.maven.surefire.testng.TestNGExecutor.run(TestNGExecutor.java:77)
at org.apache.maven.surefire.testng.TestNGDirectoryTestSuite.executeMulti(TestNGDirectoryTestSuite.java:159)
at org.apache.maven.surefire.testng.TestNGDirectoryTestSuite.execute(TestNGDirectoryTestSuite.java:99)
at org.apache.maven.surefire.testng.TestNGProvider.invoke(TestNGProvider.java:106)
at sun.reflect.NativeMethodAccessorImpl.invoke0(Native Method)
at sun.reflect.NativeMethodAccessorImpl.invoke(NativeMethodAccessorImpl.java:62)
at sun.reflect.DelegatingMethodAccessorImpl.invoke(DelegatingMethodAccessorImpl.java:43)
at java.lang.reflect.Method.invoke(Method.java:498)
at org.apache.maven.surefire.util.ReflectionUtils.invokeMethodWithArray(ReflectionUtils.java:189)
at org.apache.maven.surefire.booter.ProviderFactory$ProviderProxy.invoke(ProviderFactory.java:165)
at org.apache.maven.surefire.booter.ProviderFactory.invokeProvider(ProviderFactory.java:85)
at org.apache.maven.surefire.booter.ForkedBooter.runSuitesInProcess(ForkedBooter.java:115)
at org.apache.maven.surefire.booter.ForkedBooter.main(ForkedBooter.java:75)
]]>
            </full-stacktrace>
          </exception> <!-- java.lang.RuntimeException -->
          <reporter-output>
          </reporter-output>
        </test-method> <!-- cdvrgetrecordingsapiTWC -->
        <test-method status="PASS" signature="reportTest(org.testng.ITestResult)[pri:0, instance:sth.ipvs.IPVSSmartTvTest@37d4349f]" name="reportTest" is-config="true" duration-ms="346" started-at="2019-01-14T07:54:51Z" finished-at="2019-01-14T07:54:52Z">
          <params>
            <param index="0">
              <value>
                <![CDATA[[TestResult name=cdvrgetrecordingsapiTWC status=FAILURE method=IPVSSmartTvTest.cdvrgetrecordingsapiTWC()[pri:0, instance:sth.ipvs.IPVSSmartTvTest@37d4349f] output={null}]]]>
              </value>
            </param>
          </params>
          <reporter-output>
          </reporter-output>
        </test-method> <!-- reportTest -->
        <test-method status="PASS" signature="runCleanupMethods()[pri:0, instance:sth.ipvs.IPVSSmartTvTest@37d4349f]" name="runCleanupMethods" is-config="true" duration-ms="0" started-at="2019-01-14T07:54:52Z" finished-at="2019-01-14T07:54:52Z">
          <reporter-output>
          </reporter-output>
        </test-method> <!-- runCleanupMethods -->
        <test-method status="PASS" signature="setupSTHTest(java.lang.reflect.Method, org.testng.ITestResult)[pri:0, instance:sth.ipvs.IPVSSmartTvTest@37d4349f]" name="setupSTHTest" is-config="true" duration-ms="0" started-at="2019-01-14T07:54:52Z" finished-at="2019-01-14T07:54:52Z">
          <params>
            <param index="0">
              <value>
                <![CDATA[public void sth.ipvs.IPVSSmartTvTest.favoritesChannelapiCHTR()]]>
              </value>
            </param>
            <param index="1">
              <value>
                <![CDATA[[TestResult name=favoritesChannelapiCHTR status=SUCCESS method=IPVSSmartTvTest.favoritesChannelapiCHTR()[pri:0, instance:sth.ipvs.IPVSSmartTvTest@37d4349f] output={null}]]]>
              </value>
            </param>
          </params>
          <reporter-output>
          </reporter-output>
        </test-method> <!-- setupSTHTest -->
        <test-method status="PASS" signature="testStartup()[pri:0, instance:sth.ipvs.IPVSSmartTvTest@37d4349f]" name="testStartup" is-config="true" duration-ms="1" started-at="2019-01-14T07:54:52Z" finished-at="2019-01-14T07:54:52Z">
          <reporter-output>
          </reporter-output>
        </test-method> <!-- testStartup -->
        <test-method status="PASS" signature="favoritesChannelapiCHTR()[pri:0, instance:sth.ipvs.IPVSSmartTvTest@37d4349f]" name="favoritesChannelapiCHTR" duration-ms="407" started-at="2019-01-14T07:54:52Z" finished-at="2019-01-14T07:54:52Z">
          <reporter-output>
          </reporter-output>
        </test-method> <!-- favoritesChannelapiCHTR -->
        <test-method status="PASS" signature="reportTest(org.testng.ITestResult)[pri:0, instance:sth.ipvs.IPVSSmartTvTest@37d4349f]" name="reportTest" is-config="true" duration-ms="371" started-at="2019-01-14T07:54:52Z" finished-at="2019-01-14T07:54:52Z">
          <params>
            <param index="0">
              <value>
                <![CDATA[[TestResult name=favoritesChannelapiCHTR status=SUCCESS method=IPVSSmartTvTest.favoritesChannelapiCHTR()[pri:0, instance:sth.ipvs.IPVSSmartTvTest@37d4349f] output={null}]]]>
              </value>
            </param>
          </params>
          <reporter-output>
          </reporter-output>
        </test-method> <!-- reportTest -->
        <test-method status="PASS" signature="runCleanupMethods()[pri:0, instance:sth.ipvs.IPVSSmartTvTest@37d4349f]" name="runCleanupMethods" is-config="true" duration-ms="1" started-at="2019-01-14T07:54:52Z" finished-at="2019-01-14T07:54:52Z">
          <reporter-output>
          </reporter-output>
        </test-method> <!-- runCleanupMethods -->
        <test-method status="PASS" signature="setupSTHTest(java.lang.reflect.Method, org.testng.ITestResult)[pri:0, instance:sth.ipvs.IPVSSmartTvTest@37d4349f]" name="setupSTHTest" is-config="true" duration-ms="1" started-at="2019-01-14T07:54:52Z" finished-at="2019-01-14T07:54:52Z">
          <params>
            <param index="0">
              <value>
                <![CDATA[public void sth.ipvs.IPVSSmartTvTest.favoritesChannelapiTWC()]]>
              </value>
            </param>
            <param index="1">
              <value>
                <![CDATA[[TestResult name=favoritesChannelapiTWC status=SUCCESS method=IPVSSmartTvTest.favoritesChannelapiTWC()[pri:0, instance:sth.ipvs.IPVSSmartTvTest@37d4349f] output={null}]]]>
              </value>
            </param>
          </params>
          <reporter-output>
          </reporter-output>
        </test-method> <!-- setupSTHTest -->
        <test-method status="PASS" signature="testStartup()[pri:0, instance:sth.ipvs.IPVSSmartTvTest@37d4349f]" name="testStartup" is-config="true" duration-ms="0" started-at="2019-01-14T07:54:52Z" finished-at="2019-01-14T07:54:52Z">
          <reporter-output>
          </reporter-output>
        </test-method> <!-- testStartup -->
        <test-method status="PASS" signature="favoritesChannelapiTWC()[pri:0, instance:sth.ipvs.IPVSSmartTvTest@37d4349f]" name="favoritesChannelapiTWC" duration-ms="395" started-at="2019-01-14T07:54:52Z" finished-at="2019-01-14T07:54:53Z">
          <reporter-output>
          </reporter-output>
        </test-method> <!-- favoritesChannelapiTWC -->
        <test-method status="PASS" signature="reportTest(org.testng.ITestResult)[pri:0, instance:sth.ipvs.IPVSSmartTvTest@37d4349f]" name="reportTest" is-config="true" duration-ms="333" started-at="2019-01-14T07:54:53Z" finished-at="2019-01-14T07:54:53Z">
          <params>
            <param index="0">
              <value>
                <![CDATA[[TestResult name=favoritesChannelapiTWC status=SUCCESS method=IPVSSmartTvTest.favoritesChannelapiTWC()[pri:0, instance:sth.ipvs.IPVSSmartTvTest@37d4349f] output={null}]]]>
              </value>
            </param>
          </params>
          <reporter-output>
          </reporter-output>
        </test-method> <!-- reportTest -->
        <test-method status="PASS" signature="runCleanupMethods()[pri:0, instance:sth.ipvs.IPVSSmartTvTest@37d4349f]" name="runCleanupMethods" is-config="true" duration-ms="0" started-at="2019-01-14T07:54:53Z" finished-at="2019-01-14T07:54:53Z">
          <reporter-output>
          </reporter-output>
        </test-method> <!-- runCleanupMethods -->
        <test-method status="PASS" signature="setupSTHTest(java.lang.reflect.Method, org.testng.ITestResult)[pri:0, instance:sth.ipvs.IPVSSmartTvTest@37d4349f]" name="setupSTHTest" is-config="true" duration-ms="1" started-at="2019-01-14T07:54:53Z" finished-at="2019-01-14T07:54:53Z">
          <params>
            <param index="0">
              <value>
                <![CDATA[public void sth.ipvs.IPVSSmartTvTest.fipsapiCHTR()]]>
              </value>
            </param>
            <param index="1">
              <value>
                <![CDATA[[TestResult name=fipsapiCHTR status=SUCCESS method=IPVSSmartTvTest.fipsapiCHTR()[pri:0, instance:sth.ipvs.IPVSSmartTvTest@37d4349f] output={null}]]]>
              </value>
            </param>
          </params>
          <reporter-output>
          </reporter-output>
        </test-method> <!-- setupSTHTest -->
        <test-method status="PASS" signature="testStartup()[pri:0, instance:sth.ipvs.IPVSSmartTvTest@37d4349f]" name="testStartup" is-config="true" duration-ms="0" started-at="2019-01-14T07:54:53Z" finished-at="2019-01-14T07:54:53Z">
          <reporter-output>
          </reporter-output>
        </test-method> <!-- testStartup -->
        <test-method status="PASS" signature="fipsapiCHTR()[pri:0, instance:sth.ipvs.IPVSSmartTvTest@37d4349f]" name="fipsapiCHTR" duration-ms="410" started-at="2019-01-14T07:54:53Z" finished-at="2019-01-14T07:54:53Z">
          <reporter-output>
          </reporter-output>
        </test-method> <!-- fipsapiCHTR -->
        <test-method status="PASS" signature="reportTest(org.testng.ITestResult)[pri:0, instance:sth.ipvs.IPVSSmartTvTest@37d4349f]" name="reportTest" is-config="true" duration-ms="336" started-at="2019-01-14T07:54:53Z" finished-at="2019-01-14T07:54:54Z">
          <params>
            <param index="0">
              <value>
                <![CDATA[[TestResult name=fipsapiCHTR status=SUCCESS method=IPVSSmartTvTest.fipsapiCHTR()[pri:0, instance:sth.ipvs.IPVSSmartTvTest@37d4349f] output={null}]]]>
              </value>
            </param>
          </params>
          <reporter-output>
          </reporter-output>
        </test-method> <!-- reportTest -->
        <test-method status="PASS" signature="runCleanupMethods()[pri:0, instance:sth.ipvs.IPVSSmartTvTest@37d4349f]" name="runCleanupMethods" is-config="true" duration-ms="0" started-at="2019-01-14T07:54:54Z" finished-at="2019-01-14T07:54:54Z">
          <reporter-output>
          </reporter-output>
        </test-method> <!-- runCleanupMethods -->
        <test-method status="PASS" signature="setupSTHTest(java.lang.reflect.Method, org.testng.ITestResult)[pri:0, instance:sth.ipvs.IPVSSmartTvTest@37d4349f]" name="setupSTHTest" is-config="true" duration-ms="1" started-at="2019-01-14T07:54:54Z" finished-at="2019-01-14T07:54:54Z">
          <params>
            <param index="0">
              <value>
                <![CDATA[public void sth.ipvs.IPVSSmartTvTest.fipsapiTWC()]]>
              </value>
            </param>
            <param index="1">
              <value>
                <![CDATA[[TestResult name=fipsapiTWC status=SUCCESS method=IPVSSmartTvTest.fipsapiTWC()[pri:0, instance:sth.ipvs.IPVSSmartTvTest@37d4349f] output={null}]]]>
              </value>
            </param>
          </params>
          <reporter-output>
          </reporter-output>
        </test-method> <!-- setupSTHTest -->
        <test-method status="PASS" signature="testStartup()[pri:0, instance:sth.ipvs.IPVSSmartTvTest@37d4349f]" name="testStartup" is-config="true" duration-ms="0" started-at="2019-01-14T07:54:54Z" finished-at="2019-01-14T07:54:54Z">
          <reporter-output>
          </reporter-output>
        </test-method> <!-- testStartup -->
        <test-method status="PASS" signature="fipsapiTWC()[pri:0, instance:sth.ipvs.IPVSSmartTvTest@37d4349f]" name="fipsapiTWC" duration-ms="414" started-at="2019-01-14T07:54:54Z" finished-at="2019-01-14T07:54:54Z">
          <reporter-output>
          </reporter-output>
        </test-method> <!-- fipsapiTWC -->
        <test-method status="PASS" signature="reportTest(org.testng.ITestResult)[pri:0, instance:sth.ipvs.IPVSSmartTvTest@37d4349f]" name="reportTest" is-config="true" duration-ms="328" started-at="2019-01-14T07:54:54Z" finished-at="2019-01-14T07:54:55Z">
          <params>
            <param index="0">
              <value>
                <![CDATA[[TestResult name=fipsapiTWC status=SUCCESS method=IPVSSmartTvTest.fipsapiTWC()[pri:0, instance:sth.ipvs.IPVSSmartTvTest@37d4349f] output={null}]]]>
              </value>
            </param>
          </params>
          <reporter-output>
          </reporter-output>
        </test-method> <!-- reportTest -->
        <test-method status="PASS" signature="runCleanupMethods()[pri:0, instance:sth.ipvs.IPVSSmartTvTest@37d4349f]" name="runCleanupMethods" is-config="true" duration-ms="0" started-at="2019-01-14T07:54:55Z" finished-at="2019-01-14T07:54:55Z">
          <reporter-output>
          </reporter-output>
        </test-method> <!-- runCleanupMethods -->
        <test-method status="PASS" signature="setupSTHTest(java.lang.reflect.Method, org.testng.ITestResult)[pri:0, instance:sth.ipvs.IPVSSmartTvTest@37d4349f]" name="setupSTHTest" is-config="true" duration-ms="1" started-at="2019-01-14T07:54:55Z" finished-at="2019-01-14T07:54:55Z">
          <params>
            <param index="0">
              <value>
                <![CDATA[public void sth.ipvs.IPVSSmartTvTest.guidegridapiCHTR()]]>
              </value>
            </param>
            <param index="1">
              <value>
                <![CDATA[[TestResult name=guidegridapiCHTR status=SUCCESS method=IPVSSmartTvTest.guidegridapiCHTR()[pri:0, instance:sth.ipvs.IPVSSmartTvTest@37d4349f] output={null}]]]>
              </value>
            </param>
          </params>
          <reporter-output>
          </reporter-output>
        </test-method> <!-- setupSTHTest -->
        <test-method status="PASS" signature="testStartup()[pri:0, instance:sth.ipvs.IPVSSmartTvTest@37d4349f]" name="testStartup" is-config="true" duration-ms="0" started-at="2019-01-14T07:54:55Z" finished-at="2019-01-14T07:54:55Z">
          <reporter-output>
          </reporter-output>
        </test-method> <!-- testStartup -->
        <test-method status="PASS" signature="guidegridapiCHTR()[pri:0, instance:sth.ipvs.IPVSSmartTvTest@37d4349f]" name="guidegridapiCHTR" duration-ms="1423" started-at="2019-01-14T07:54:55Z" finished-at="2019-01-14T07:54:56Z">
          <reporter-output>
          </reporter-output>
        </test-method> <!-- guidegridapiCHTR -->
        <test-method status="PASS" signature="reportTest(org.testng.ITestResult)[pri:0, instance:sth.ipvs.IPVSSmartTvTest@37d4349f]" name="reportTest" is-config="true" duration-ms="316" started-at="2019-01-14T07:54:56Z" finished-at="2019-01-14T07:54:56Z">
          <params>
            <param index="0">
              <value>
                <![CDATA[[TestResult name=guidegridapiCHTR status=SUCCESS method=IPVSSmartTvTest.guidegridapiCHTR()[pri:0, instance:sth.ipvs.IPVSSmartTvTest@37d4349f] output={null}]]]>
              </value>
            </param>
          </params>
          <reporter-output>
          </reporter-output>
        </test-method> <!-- reportTest -->
        <test-method status="PASS" signature="setupSTHTest(java.lang.reflect.Method, org.testng.ITestResult)[pri:0, instance:sth.ipvs.IPVSSmartTvTest@37d4349f]" name="setupSTHTest" is-config="true" duration-ms="1" started-at="2019-01-14T07:54:56Z" finished-at="2019-01-14T07:54:56Z">
          <params>
            <param index="0">
              <value>
                <![CDATA[public void sth.ipvs.IPVSSmartTvTest.guidegridapiTWC()]]>
              </value>
            </param>
            <param index="1">
              <value>
                <![CDATA[[TestResult name=guidegridapiTWC status=SUCCESS method=IPVSSmartTvTest.guidegridapiTWC()[pri:0, instance:sth.ipvs.IPVSSmartTvTest@37d4349f] output={null}]]]>
              </value>
            </param>
          </params>
          <reporter-output>
          </reporter-output>
        </test-method> <!-- setupSTHTest -->
        <test-method status="PASS" signature="runCleanupMethods()[pri:0, instance:sth.ipvs.IPVSSmartTvTest@37d4349f]" name="runCleanupMethods" is-config="true" duration-ms="0" started-at="2019-01-14T07:54:56Z" finished-at="2019-01-14T07:54:56Z">
          <reporter-output>
          </reporter-output>
        </test-method> <!-- runCleanupMethods -->
        <test-method status="PASS" signature="testStartup()[pri:0, instance:sth.ipvs.IPVSSmartTvTest@37d4349f]" name="testStartup" is-config="true" duration-ms="1" started-at="2019-01-14T07:54:56Z" finished-at="2019-01-14T07:54:56Z">
          <reporter-output>
          </reporter-output>
        </test-method> <!-- testStartup -->
        <test-method status="PASS" signature="guidegridapiTWC()[pri:0, instance:sth.ipvs.IPVSSmartTvTest@37d4349f]" name="guidegridapiTWC" duration-ms="1155" started-at="2019-01-14T07:54:56Z" finished-at="2019-01-14T07:54:57Z">
          <reporter-output>
          </reporter-output>
        </test-method> <!-- guidegridapiTWC -->
        <test-method status="PASS" signature="reportTest(org.testng.ITestResult)[pri:0, instance:sth.ipvs.IPVSSmartTvTest@37d4349f]" name="reportTest" is-config="true" duration-ms="354" started-at="2019-01-14T07:54:57Z" finished-at="2019-01-14T07:54:58Z">
          <params>
            <param index="0">
              <value>
                <![CDATA[[TestResult name=guidegridapiTWC status=SUCCESS method=IPVSSmartTvTest.guidegridapiTWC()[pri:0, instance:sth.ipvs.IPVSSmartTvTest@37d4349f] output={null}]]]>
              </value>
            </param>
          </params>
          <reporter-output>
          </reporter-output>
        </test-method> <!-- reportTest -->
        <test-method status="PASS" signature="runCleanupMethods()[pri:0, instance:sth.ipvs.IPVSSmartTvTest@37d4349f]" name="runCleanupMethods" is-config="true" duration-ms="1" started-at="2019-01-14T07:54:58Z" finished-at="2019-01-14T07:54:58Z">
          <reporter-output>
          </reporter-output>
        </test-method> <!-- runCleanupMethods -->
        <test-method status="PASS" signature="setupSTHTest(java.lang.reflect.Method, org.testng.ITestResult)[pri:0, instance:sth.ipvs.IPVSSmartTvTest@37d4349f]" name="setupSTHTest" is-config="true" duration-ms="1" started-at="2019-01-14T07:54:58Z" finished-at="2019-01-14T07:54:58Z">
          <params>
            <param index="0">
              <value>
                <![CDATA[public void sth.ipvs.IPVSSmartTvTest.lineupapiCHTR()]]>
              </value>
            </param>
            <param index="1">
              <value>
                <![CDATA[[TestResult name=lineupapiCHTR status=SUCCESS method=IPVSSmartTvTest.lineupapiCHTR()[pri:0, instance:sth.ipvs.IPVSSmartTvTest@37d4349f] output={null}]]]>
              </value>
            </param>
          </params>
          <reporter-output>
          </reporter-output>
        </test-method> <!-- setupSTHTest -->
        <test-method status="PASS" signature="testStartup()[pri:0, instance:sth.ipvs.IPVSSmartTvTest@37d4349f]" name="testStartup" is-config="true" duration-ms="0" started-at="2019-01-14T07:54:58Z" finished-at="2019-01-14T07:54:58Z">
          <reporter-output>
          </reporter-output>
        </test-method> <!-- testStartup -->
        <test-method status="PASS" signature="lineupapiCHTR()[pri:0, instance:sth.ipvs.IPVSSmartTvTest@37d4349f]" name="lineupapiCHTR" duration-ms="379" started-at="2019-01-14T07:54:58Z" finished-at="2019-01-14T07:54:58Z">
          <reporter-output>
          </reporter-output>
        </test-method> <!-- lineupapiCHTR -->
        <test-method status="PASS" signature="reportTest(org.testng.ITestResult)[pri:0, instance:sth.ipvs.IPVSSmartTvTest@37d4349f]" name="reportTest" is-config="true" duration-ms="353" started-at="2019-01-14T07:54:58Z" finished-at="2019-01-14T07:54:59Z">
          <params>
            <param index="0">
              <value>
                <![CDATA[[TestResult name=lineupapiCHTR status=SUCCESS method=IPVSSmartTvTest.lineupapiCHTR()[pri:0, instance:sth.ipvs.IPVSSmartTvTest@37d4349f] output={null}]]]>
              </value>
            </param>
          </params>
          <reporter-output>
          </reporter-output>
        </test-method> <!-- reportTest -->
        <test-method status="PASS" signature="setupSTHTest(java.lang.reflect.Method, org.testng.ITestResult)[pri:0, instance:sth.ipvs.IPVSSmartTvTest@37d4349f]" name="setupSTHTest" is-config="true" duration-ms="1" started-at="2019-01-14T07:54:59Z" finished-at="2019-01-14T07:54:59Z">
          <params>
            <param index="0">
              <value>
                <![CDATA[public void sth.ipvs.IPVSSmartTvTest.linuepapiTWC()]]>
              </value>
            </param>
            <param index="1">
              <value>
                <![CDATA[[TestResult name=linuepapiTWC status=SUCCESS method=IPVSSmartTvTest.linuepapiTWC()[pri:0, instance:sth.ipvs.IPVSSmartTvTest@37d4349f] output={null}]]]>
              </value>
            </param>
          </params>
          <reporter-output>
          </reporter-output>
        </test-method> <!-- setupSTHTest -->
        <test-method status="PASS" signature="runCleanupMethods()[pri:0, instance:sth.ipvs.IPVSSmartTvTest@37d4349f]" name="runCleanupMethods" is-config="true" duration-ms="0" started-at="2019-01-14T07:54:59Z" finished-at="2019-01-14T07:54:59Z">
          <reporter-output>
          </reporter-output>
        </test-method> <!-- runCleanupMethods -->
        <test-method status="PASS" signature="linuepapiTWC()[pri:0, instance:sth.ipvs.IPVSSmartTvTest@37d4349f]" name="linuepapiTWC" duration-ms="423" started-at="2019-01-14T07:54:59Z" finished-at="2019-01-14T07:54:59Z">
          <reporter-output>
          </reporter-output>
        </test-method> <!-- linuepapiTWC -->
        <test-method status="PASS" signature="testStartup()[pri:0, instance:sth.ipvs.IPVSSmartTvTest@37d4349f]" name="testStartup" is-config="true" duration-ms="0" started-at="2019-01-14T07:54:59Z" finished-at="2019-01-14T07:54:59Z">
          <reporter-output>
          </reporter-output>
        </test-method> <!-- testStartup -->
        <test-method status="PASS" signature="reportTest(org.testng.ITestResult)[pri:0, instance:sth.ipvs.IPVSSmartTvTest@37d4349f]" name="reportTest" is-config="true" duration-ms="339" started-at="2019-01-14T07:54:59Z" finished-at="2019-01-14T07:54:59Z">
          <params>
            <param index="0">
              <value>
                <![CDATA[[TestResult name=linuepapiTWC status=SUCCESS method=IPVSSmartTvTest.linuepapiTWC()[pri:0, instance:sth.ipvs.IPVSSmartTvTest@37d4349f] output={null}]]]>
              </value>
            </param>
          </params>
          <reporter-output>
          </reporter-output>
        </test-method> <!-- reportTest -->
        <test-method status="PASS" signature="runCleanupMethods()[pri:0, instance:sth.ipvs.IPVSSmartTvTest@37d4349f]" name="runCleanupMethods" is-config="true" duration-ms="0" started-at="2019-01-14T07:54:59Z" finished-at="2019-01-14T07:54:59Z">
          <reporter-output>
          </reporter-output>
        </test-method> <!-- runCleanupMethods -->
        <test-method status="PASS" signature="setupSTHTest(java.lang.reflect.Method, org.testng.ITestResult)[pri:0, instance:sth.ipvs.IPVSSmartTvTest@37d4349f]" name="setupSTHTest" is-config="true" duration-ms="1" started-at="2019-01-14T07:54:59Z" finished-at="2019-01-14T07:54:59Z">
          <params>
            <param index="0">
              <value>
                <![CDATA[public void sth.ipvs.IPVSSmartTvTest.locationapiCHTR()]]>
              </value>
            </param>
            <param index="1">
              <value>
                <![CDATA[[TestResult name=locationapiCHTR status=SUCCESS method=IPVSSmartTvTest.locationapiCHTR()[pri:0, instance:sth.ipvs.IPVSSmartTvTest@37d4349f] output={null}]]]>
              </value>
            </param>
          </params>
          <reporter-output>
          </reporter-output>
        </test-method> <!-- setupSTHTest -->
        <test-method status="PASS" signature="testStartup()[pri:0, instance:sth.ipvs.IPVSSmartTvTest@37d4349f]" name="testStartup" is-config="true" duration-ms="0" started-at="2019-01-14T07:54:59Z" finished-at="2019-01-14T07:54:59Z">
          <reporter-output>
          </reporter-output>
        </test-method> <!-- testStartup -->
        <test-method status="PASS" signature="locationapiCHTR()[pri:0, instance:sth.ipvs.IPVSSmartTvTest@37d4349f]" name="locationapiCHTR" duration-ms="409" started-at="2019-01-14T07:54:59Z" finished-at="2019-01-14T07:55:00Z">
          <reporter-output>
          </reporter-output>
        </test-method> <!-- locationapiCHTR -->
        <test-method status="PASS" signature="reportTest(org.testng.ITestResult)[pri:0, instance:sth.ipvs.IPVSSmartTvTest@37d4349f]" name="reportTest" is-config="true" duration-ms="332" started-at="2019-01-14T07:55:00Z" finished-at="2019-01-14T07:55:00Z">
          <params>
            <param index="0">
              <value>
                <![CDATA[[TestResult name=locationapiCHTR status=SUCCESS method=IPVSSmartTvTest.locationapiCHTR()[pri:0, instance:sth.ipvs.IPVSSmartTvTest@37d4349f] output={null}]]]>
              </value>
            </param>
          </params>
          <reporter-output>
          </reporter-output>
        </test-method> <!-- reportTest -->
        <test-method status="PASS" signature="setupSTHTest(java.lang.reflect.Method, org.testng.ITestResult)[pri:0, instance:sth.ipvs.IPVSSmartTvTest@37d4349f]" name="setupSTHTest" is-config="true" duration-ms="2" started-at="2019-01-14T07:55:00Z" finished-at="2019-01-14T07:55:00Z">
          <params>
            <param index="0">
              <value>
                <![CDATA[public void sth.ipvs.IPVSSmartTvTest.locationapiTWC()]]>
              </value>
            </param>
            <param index="1">
              <value>
                <![CDATA[[TestResult name=locationapiTWC status=SUCCESS method=IPVSSmartTvTest.locationapiTWC()[pri:0, instance:sth.ipvs.IPVSSmartTvTest@37d4349f] output={null}]]]>
              </value>
            </param>
          </params>
          <reporter-output>
          </reporter-output>
        </test-method> <!-- setupSTHTest -->
        <test-method status="PASS" signature="runCleanupMethods()[pri:0, instance:sth.ipvs.IPVSSmartTvTest@37d4349f]" name="runCleanupMethods" is-config="true" duration-ms="0" started-at="2019-01-14T07:55:00Z" finished-at="2019-01-14T07:55:00Z">
          <reporter-output>
          </reporter-output>
        </test-method> <!-- runCleanupMethods -->
        <test-method status="PASS" signature="testStartup()[pri:0, instance:sth.ipvs.IPVSSmartTvTest@37d4349f]" name="testStartup" is-config="true" duration-ms="0" started-at="2019-01-14T07:55:00Z" finished-at="2019-01-14T07:55:00Z">
          <reporter-output>
          </reporter-output>
        </test-method> <!-- testStartup -->
        <test-method status="PASS" signature="locationapiTWC()[pri:0, instance:sth.ipvs.IPVSSmartTvTest@37d4349f]" name="locationapiTWC" duration-ms="452" started-at="2019-01-14T07:55:00Z" finished-at="2019-01-14T07:55:00Z">
          <reporter-output>
          </reporter-output>
        </test-method> <!-- locationapiTWC -->
        <test-method status="PASS" signature="reportTest(org.testng.ITestResult)[pri:0, instance:sth.ipvs.IPVSSmartTvTest@37d4349f]" name="reportTest" is-config="true" duration-ms="326" started-at="2019-01-14T07:55:00Z" finished-at="2019-01-14T07:55:01Z">
          <params>
            <param index="0">
              <value>
                <![CDATA[[TestResult name=locationapiTWC status=SUCCESS method=IPVSSmartTvTest.locationapiTWC()[pri:0, instance:sth.ipvs.IPVSSmartTvTest@37d4349f] output={null}]]]>
              </value>
            </param>
          </params>
          <reporter-output>
          </reporter-output>
        </test-method> <!-- reportTest -->
        <test-method status="PASS" signature="runCleanupMethods()[pri:0, instance:sth.ipvs.IPVSSmartTvTest@37d4349f]" name="runCleanupMethods" is-config="true" duration-ms="0" started-at="2019-01-14T07:55:01Z" finished-at="2019-01-14T07:55:01Z">
          <reporter-output>
          </reporter-output>
        </test-method> <!-- runCleanupMethods -->
        <test-method status="PASS" signature="setupSTHTest(java.lang.reflect.Method, org.testng.ITestResult)[pri:0, instance:sth.ipvs.IPVSSmartTvTest@37d4349f]" name="setupSTHTest" is-config="true" duration-ms="2" started-at="2019-01-14T07:55:01Z" finished-at="2019-01-14T07:55:01Z">
          <params>
            <param index="0">
              <value>
                <![CDATA[public void sth.ipvs.IPVSSmartTvTest.parentalBlockedChannelsapiCHTR()]]>
              </value>
            </param>
            <param index="1">
              <value>
                <![CDATA[[TestResult name=parentalBlockedChannelsapiCHTR status=SUCCESS method=IPVSSmartTvTest.parentalBlockedChannelsapiCHTR()[pri:0, instance:sth.ipvs.IPVSSmartTvTest@37d4349f] output={null}]]]>
              </value>
            </param>
          </params>
          <reporter-output>
          </reporter-output>
        </test-method> <!-- setupSTHTest -->
        <test-method status="PASS" signature="parentalBlockedChannelsapiCHTR()[pri:0, instance:sth.ipvs.IPVSSmartTvTest@37d4349f]" name="parentalBlockedChannelsapiCHTR" duration-ms="10360" started-at="2019-01-14T07:55:01Z" finished-at="2019-01-14T07:55:11Z">
          <reporter-output>
          </reporter-output>
        </test-method> <!-- parentalBlockedChannelsapiCHTR -->
        <test-method status="PASS" signature="testStartup()[pri:0, instance:sth.ipvs.IPVSSmartTvTest@37d4349f]" name="testStartup" is-config="true" duration-ms="0" started-at="2019-01-14T07:55:01Z" finished-at="2019-01-14T07:55:01Z">
          <reporter-output>
          </reporter-output>
        </test-method> <!-- testStartup -->
        <test-method status="PASS" signature="reportTest(org.testng.ITestResult)[pri:0, instance:sth.ipvs.IPVSSmartTvTest@37d4349f]" name="reportTest" is-config="true" duration-ms="667" started-at="2019-01-14T07:55:11Z" finished-at="2019-01-14T07:55:12Z">
          <params>
            <param index="0">
              <value>
                <![CDATA[[TestResult name=parentalBlockedChannelsapiCHTR status=SUCCESS method=IPVSSmartTvTest.parentalBlockedChannelsapiCHTR()[pri:0, instance:sth.ipvs.IPVSSmartTvTest@37d4349f] output={null}]]]>
              </value>
            </param>
          </params>
          <reporter-output>
          </reporter-output>
        </test-method> <!-- reportTest -->
        <test-method status="PASS" signature="setupSTHTest(java.lang.reflect.Method, org.testng.ITestResult)[pri:0, instance:sth.ipvs.IPVSSmartTvTest@37d4349f]" name="setupSTHTest" is-config="true" duration-ms="1" started-at="2019-01-14T07:55:12Z" finished-at="2019-01-14T07:55:12Z">
          <params>
            <param index="0">
              <value>
                <![CDATA[public void sth.ipvs.IPVSSmartTvTest.parentalBlockedChannelsapiTWC()]]>
              </value>
            </param>
            <param index="1">
              <value>
                <![CDATA[[TestResult name=parentalBlockedChannelsapiTWC status=SUCCESS method=IPVSSmartTvTest.parentalBlockedChannelsapiTWC()[pri:0, instance:sth.ipvs.IPVSSmartTvTest@37d4349f] output={null}]]]>
              </value>
            </param>
          </params>
          <reporter-output>
          </reporter-output>
        </test-method> <!-- setupSTHTest -->
        <test-method status="PASS" signature="runCleanupMethods()[pri:0, instance:sth.ipvs.IPVSSmartTvTest@37d4349f]" name="runCleanupMethods" is-config="true" duration-ms="0" started-at="2019-01-14T07:55:12Z" finished-at="2019-01-14T07:55:12Z">
          <reporter-output>
          </reporter-output>
        </test-method> <!-- runCleanupMethods -->
        <test-method status="PASS" signature="testStartup()[pri:0, instance:sth.ipvs.IPVSSmartTvTest@37d4349f]" name="testStartup" is-config="true" duration-ms="0" started-at="2019-01-14T07:55:12Z" finished-at="2019-01-14T07:55:12Z">
          <reporter-output>
          </reporter-output>
        </test-method> <!-- testStartup -->
        <test-method status="PASS" signature="parentalBlockedChannelsapiTWC()[pri:0, instance:sth.ipvs.IPVSSmartTvTest@37d4349f]" name="parentalBlockedChannelsapiTWC" duration-ms="7681" started-at="2019-01-14T07:55:12Z" finished-at="2019-01-14T07:55:20Z">
          <reporter-output>
          </reporter-output>
        </test-method> <!-- parentalBlockedChannelsapiTWC -->
        <test-method status="PASS" signature="reportTest(org.testng.ITestResult)[pri:0, instance:sth.ipvs.IPVSSmartTvTest@37d4349f]" name="reportTest" is-config="true" duration-ms="645" started-at="2019-01-14T07:55:20Z" finished-at="2019-01-14T07:55:20Z">
          <params>
            <param index="0">
              <value>
                <![CDATA[[TestResult name=parentalBlockedChannelsapiTWC status=SUCCESS method=IPVSSmartTvTest.parentalBlockedChannelsapiTWC()[pri:0, instance:sth.ipvs.IPVSSmartTvTest@37d4349f] output={null}]]]>
              </value>
            </param>
          </params>
          <reporter-output>
          </reporter-output>
        </test-method> <!-- reportTest -->
        <test-method status="PASS" signature="runCleanupMethods()[pri:0, instance:sth.ipvs.IPVSSmartTvTest@37d4349f]" name="runCleanupMethods" is-config="true" duration-ms="0" started-at="2019-01-14T07:55:20Z" finished-at="2019-01-14T07:55:20Z">
          <reporter-output>
          </reporter-output>
        </test-method> <!-- runCleanupMethods -->
        <test-method status="PASS" signature="setupSTHTest(java.lang.reflect.Method, org.testng.ITestResult)[pri:0, instance:sth.ipvs.IPVSSmartTvTest@37d4349f]" name="setupSTHTest" is-config="true" duration-ms="1" started-at="2019-01-14T07:55:20Z" finished-at="2019-01-14T07:55:20Z">
          <params>
            <param index="0">
              <value>
                <![CDATA[public void sth.ipvs.IPVSSmartTvTest.parentalcontrolcallCHTR()]]>
              </value>
            </param>
            <param index="1">
              <value>
                <![CDATA[[TestResult name=parentalcontrolcallCHTR status=SUCCESS method=IPVSSmartTvTest.parentalcontrolcallCHTR()[pri:0, instance:sth.ipvs.IPVSSmartTvTest@37d4349f] output={null}]]]>
              </value>
            </param>
          </params>
          <reporter-output>
          </reporter-output>
        </test-method> <!-- setupSTHTest -->
        <test-method status="PASS" signature="testStartup()[pri:0, instance:sth.ipvs.IPVSSmartTvTest@37d4349f]" name="testStartup" is-config="true" duration-ms="0" started-at="2019-01-14T07:55:20Z" finished-at="2019-01-14T07:55:20Z">
          <reporter-output>
          </reporter-output>
        </test-method> <!-- testStartup -->
        <test-method status="PASS" signature="parentalcontrolcallCHTR()[pri:0, instance:sth.ipvs.IPVSSmartTvTest@37d4349f]" name="parentalcontrolcallCHTR" duration-ms="412" started-at="2019-01-14T07:55:20Z" finished-at="2019-01-14T07:55:21Z">
          <reporter-output>
          </reporter-output>
        </test-method> <!-- parentalcontrolcallCHTR -->
        <test-method status="PASS" signature="reportTest(org.testng.ITestResult)[pri:0, instance:sth.ipvs.IPVSSmartTvTest@37d4349f]" name="reportTest" is-config="true" duration-ms="319" started-at="2019-01-14T07:55:21Z" finished-at="2019-01-14T07:55:21Z">
          <params>
            <param index="0">
              <value>
                <![CDATA[[TestResult name=parentalcontrolcallCHTR status=SUCCESS method=IPVSSmartTvTest.parentalcontrolcallCHTR()[pri:0, instance:sth.ipvs.IPVSSmartTvTest@37d4349f] output={null}]]]>
              </value>
            </param>
          </params>
          <reporter-output>
          </reporter-output>
        </test-method> <!-- reportTest -->
        <test-method status="PASS" signature="runCleanupMethods()[pri:0, instance:sth.ipvs.IPVSSmartTvTest@37d4349f]" name="runCleanupMethods" is-config="true" duration-ms="0" started-at="2019-01-14T07:55:21Z" finished-at="2019-01-14T07:55:21Z">
          <reporter-output>
          </reporter-output>
        </test-method> <!-- runCleanupMethods -->
        <test-method status="PASS" signature="setupSTHTest(java.lang.reflect.Method, org.testng.ITestResult)[pri:0, instance:sth.ipvs.IPVSSmartTvTest@37d4349f]" name="setupSTHTest" is-config="true" duration-ms="1" started-at="2019-01-14T07:55:21Z" finished-at="2019-01-14T07:55:21Z">
          <params>
            <param index="0">
              <value>
                <![CDATA[public void sth.ipvs.IPVSSmartTvTest.parentalcontrolcallTWC()]]>
              </value>
            </param>
            <param index="1">
              <value>
                <![CDATA[[TestResult name=parentalcontrolcallTWC status=SUCCESS method=IPVSSmartTvTest.parentalcontrolcallTWC()[pri:0, instance:sth.ipvs.IPVSSmartTvTest@37d4349f] output={null}]]]>
              </value>
            </param>
          </params>
          <reporter-output>
          </reporter-output>
        </test-method> <!-- setupSTHTest -->
        <test-method status="PASS" signature="testStartup()[pri:0, instance:sth.ipvs.IPVSSmartTvTest@37d4349f]" name="testStartup" is-config="true" duration-ms="1" started-at="2019-01-14T07:55:21Z" finished-at="2019-01-14T07:55:21Z">
          <reporter-output>
          </reporter-output>
        </test-method> <!-- testStartup -->
        <test-method status="PASS" signature="parentalcontrolcallTWC()[pri:0, instance:sth.ipvs.IPVSSmartTvTest@37d4349f]" name="parentalcontrolcallTWC" duration-ms="426" started-at="2019-01-14T07:55:21Z" finished-at="2019-01-14T07:55:21Z">
          <reporter-output>
          </reporter-output>
        </test-method> <!-- parentalcontrolcallTWC -->
        <test-method status="PASS" signature="reportTest(org.testng.ITestResult)[pri:0, instance:sth.ipvs.IPVSSmartTvTest@37d4349f]" name="reportTest" is-config="true" duration-ms="321" started-at="2019-01-14T07:55:21Z" finished-at="2019-01-14T07:55:22Z">
          <params>
            <param index="0">
              <value>
                <![CDATA[[TestResult name=parentalcontrolcallTWC status=SUCCESS method=IPVSSmartTvTest.parentalcontrolcallTWC()[pri:0, instance:sth.ipvs.IPVSSmartTvTest@37d4349f] output={null}]]]>
              </value>
            </param>
          </params>
          <reporter-output>
          </reporter-output>
        </test-method> <!-- reportTest -->
        <test-method status="PASS" signature="runCleanupMethods()[pri:0, instance:sth.ipvs.IPVSSmartTvTest@37d4349f]" name="runCleanupMethods" is-config="true" duration-ms="0" started-at="2019-01-14T07:55:22Z" finished-at="2019-01-14T07:55:22Z">
          <reporter-output>
          </reporter-output>
        </test-method> <!-- runCleanupMethods -->
        <test-method status="PASS" signature="setupSTHTest(java.lang.reflect.Method, org.testng.ITestResult)[pri:0, instance:sth.ipvs.IPVSSmartTvTest@37d4349f]" name="setupSTHTest" is-config="true" duration-ms="1" started-at="2019-01-14T07:55:22Z" finished-at="2019-01-14T07:55:22Z">
          <params>
            <param index="0">
              <value>
                <![CDATA[public void sth.ipvs.IPVSSmartTvTest.parentalratingapiTWC()]]>
              </value>
            </param>
            <param index="1">
              <value>
                <![CDATA[[TestResult name=parentalratingapiTWC status=SUCCESS method=IPVSSmartTvTest.parentalratingapiTWC()[pri:0, instance:sth.ipvs.IPVSSmartTvTest@37d4349f] output={null}]]]>
              </value>
            </param>
          </params>
          <reporter-output>
          </reporter-output>
        </test-method> <!-- setupSTHTest -->
        <test-method status="PASS" signature="parentalratingapiTWC()[pri:0, instance:sth.ipvs.IPVSSmartTvTest@37d4349f]" name="parentalratingapiTWC" duration-ms="389" started-at="2019-01-14T07:55:22Z" finished-at="2019-01-14T07:55:22Z">
          <reporter-output>
          </reporter-output>
        </test-method> <!-- parentalratingapiTWC -->
        <test-method status="PASS" signature="testStartup()[pri:0, instance:sth.ipvs.IPVSSmartTvTest@37d4349f]" name="testStartup" is-config="true" duration-ms="0" started-at="2019-01-14T07:55:22Z" finished-at="2019-01-14T07:55:22Z">
          <reporter-output>
          </reporter-output>
        </test-method> <!-- testStartup -->
        <test-method status="PASS" signature="reportTest(org.testng.ITestResult)[pri:0, instance:sth.ipvs.IPVSSmartTvTest@37d4349f]" name="reportTest" is-config="true" duration-ms="1224" started-at="2019-01-14T07:55:22Z" finished-at="2019-01-14T07:55:23Z">
          <params>
            <param index="0">
              <value>
                <![CDATA[[TestResult name=parentalratingapiTWC status=SUCCESS method=IPVSSmartTvTest.parentalratingapiTWC()[pri:0, instance:sth.ipvs.IPVSSmartTvTest@37d4349f] output={null}]]]>
              </value>
            </param>
          </params>
          <reporter-output>
          </reporter-output>
        </test-method> <!-- reportTest -->
        <test-method status="PASS" signature="runCleanupMethods()[pri:0, instance:sth.ipvs.IPVSSmartTvTest@37d4349f]" name="runCleanupMethods" is-config="true" duration-ms="0" started-at="2019-01-14T07:55:23Z" finished-at="2019-01-14T07:55:23Z">
          <reporter-output>
          </reporter-output>
        </test-method> <!-- runCleanupMethods -->
        <test-method status="PASS" signature="setupSTHTest(java.lang.reflect.Method, org.testng.ITestResult)[pri:0, instance:sth.ipvs.IPVSSmartTvTest@37d4349f]" name="setupSTHTest" is-config="true" duration-ms="1" started-at="2019-01-14T07:55:23Z" finished-at="2019-01-14T07:55:23Z">
          <params>
            <param index="0">
              <value>
                <![CDATA[public void sth.ipvs.IPVSSmartTvTest.parentalratingsapiCHTR()]]>
              </value>
            </param>
            <param index="1">
              <value>
                <![CDATA[[TestResult name=parentalratingsapiCHTR status=SUCCESS method=IPVSSmartTvTest.parentalratingsapiCHTR()[pri:0, instance:sth.ipvs.IPVSSmartTvTest@37d4349f] output={null}]]]>
              </value>
            </param>
          </params>
          <reporter-output>
          </reporter-output>
        </test-method> <!-- setupSTHTest -->
        <test-method status="PASS" signature="testStartup()[pri:0, instance:sth.ipvs.IPVSSmartTvTest@37d4349f]" name="testStartup" is-config="true" duration-ms="0" started-at="2019-01-14T07:55:23Z" finished-at="2019-01-14T07:55:23Z">
          <reporter-output>
          </reporter-output>
        </test-method> <!-- testStartup -->
        <test-method status="PASS" signature="parentalratingsapiCHTR()[pri:0, instance:sth.ipvs.IPVSSmartTvTest@37d4349f]" name="parentalratingsapiCHTR" duration-ms="414" started-at="2019-01-14T07:55:23Z" finished-at="2019-01-14T07:55:24Z">
          <reporter-output>
          </reporter-output>
        </test-method> <!-- parentalratingsapiCHTR -->
        <test-method status="PASS" signature="reportTest(org.testng.ITestResult)[pri:0, instance:sth.ipvs.IPVSSmartTvTest@37d4349f]" name="reportTest" is-config="true" duration-ms="327" started-at="2019-01-14T07:55:24Z" finished-at="2019-01-14T07:55:24Z">
          <params>
            <param index="0">
              <value>
                <![CDATA[[TestResult name=parentalratingsapiCHTR status=SUCCESS method=IPVSSmartTvTest.parentalratingsapiCHTR()[pri:0, instance:sth.ipvs.IPVSSmartTvTest@37d4349f] output={null}]]]>
              </value>
            </param>
          </params>
          <reporter-output>
          </reporter-output>
        </test-method> <!-- reportTest -->
        <test-method status="PASS" signature="runCleanupMethods()[pri:0, instance:sth.ipvs.IPVSSmartTvTest@37d4349f]" name="runCleanupMethods" is-config="true" duration-ms="0" started-at="2019-01-14T07:55:24Z" finished-at="2019-01-14T07:55:24Z">
          <reporter-output>
          </reporter-output>
        </test-method> <!-- runCleanupMethods -->
        <test-method status="PASS" signature="setupSTHTest(java.lang.reflect.Method, org.testng.ITestResult)[pri:0, instance:sth.ipvs.IPVSSmartTvTest@37d4349f]" name="setupSTHTest" is-config="true" duration-ms="1" started-at="2019-01-14T07:55:24Z" finished-at="2019-01-14T07:55:24Z">
          <params>
            <param index="0">
              <value>
                <![CDATA[public void sth.ipvs.IPVSSmartTvTest.watchListapiCHTR()]]>
              </value>
            </param>
            <param index="1">
              <value>
                <![CDATA[[TestResult name=watchListapiCHTR status=SUCCESS method=IPVSSmartTvTest.watchListapiCHTR()[pri:0, instance:sth.ipvs.IPVSSmartTvTest@37d4349f] output={null}]]]>
              </value>
            </param>
          </params>
          <reporter-output>
          </reporter-output>
        </test-method> <!-- setupSTHTest -->
        <test-method status="PASS" signature="testStartup()[pri:0, instance:sth.ipvs.IPVSSmartTvTest@37d4349f]" name="testStartup" is-config="true" duration-ms="0" started-at="2019-01-14T07:55:24Z" finished-at="2019-01-14T07:55:24Z">
          <reporter-output>
          </reporter-output>
        </test-method> <!-- testStartup -->
        <test-method status="PASS" signature="watchListapiCHTR()[pri:0, instance:sth.ipvs.IPVSSmartTvTest@37d4349f]" name="watchListapiCHTR" duration-ms="588" started-at="2019-01-14T07:55:24Z" finished-at="2019-01-14T07:55:25Z">
          <reporter-output>
          </reporter-output>
        </test-method> <!-- watchListapiCHTR -->
        <test-method status="PASS" signature="reportTest(org.testng.ITestResult)[pri:0, instance:sth.ipvs.IPVSSmartTvTest@37d4349f]" name="reportTest" is-config="true" duration-ms="336" started-at="2019-01-14T07:55:25Z" finished-at="2019-01-14T07:55:25Z">
          <params>
            <param index="0">
              <value>
                <![CDATA[[TestResult name=watchListapiCHTR status=SUCCESS method=IPVSSmartTvTest.watchListapiCHTR()[pri:0, instance:sth.ipvs.IPVSSmartTvTest@37d4349f] output={null}]]]>
              </value>
            </param>
          </params>
          <reporter-output>
          </reporter-output>
        </test-method> <!-- reportTest -->
        <test-method status="PASS" signature="runCleanupMethods()[pri:0, instance:sth.ipvs.IPVSSmartTvTest@37d4349f]" name="runCleanupMethods" is-config="true" duration-ms="0" started-at="2019-01-14T07:55:25Z" finished-at="2019-01-14T07:55:25Z">
          <reporter-output>
          </reporter-output>
        </test-method> <!-- runCleanupMethods -->
        <test-method status="PASS" signature="setupSTHTest(java.lang.reflect.Method, org.testng.ITestResult)[pri:0, instance:sth.ipvs.IPVSSmartTvTest@37d4349f]" name="setupSTHTest" is-config="true" duration-ms="1" started-at="2019-01-14T07:55:25Z" finished-at="2019-01-14T07:55:25Z">
          <params>
            <param index="0">
              <value>
                <![CDATA[public void sth.ipvs.IPVSSmartTvTest.watchListapiTWC()]]>
              </value>
            </param>
            <param index="1">
              <value>
                <![CDATA[[TestResult name=watchListapiTWC status=SUCCESS method=IPVSSmartTvTest.watchListapiTWC()[pri:0, instance:sth.ipvs.IPVSSmartTvTest@37d4349f] output={null}]]]>
              </value>
            </param>
          </params>
          <reporter-output>
          </reporter-output>
        </test-method> <!-- setupSTHTest -->
        <test-method status="PASS" signature="testStartup()[pri:0, instance:sth.ipvs.IPVSSmartTvTest@37d4349f]" name="testStartup" is-config="true" duration-ms="0" started-at="2019-01-14T07:55:25Z" finished-at="2019-01-14T07:55:25Z">
          <reporter-output>
          </reporter-output>
        </test-method> <!-- testStartup -->
        <test-method status="PASS" signature="watchListapiTWC()[pri:0, instance:sth.ipvs.IPVSSmartTvTest@37d4349f]" name="watchListapiTWC" duration-ms="515" started-at="2019-01-14T07:55:25Z" finished-at="2019-01-14T07:55:25Z">
          <reporter-output>
          </reporter-output>
        </test-method> <!-- watchListapiTWC -->
        <test-method status="PASS" signature="reportTest(org.testng.ITestResult)[pri:0, instance:sth.ipvs.IPVSSmartTvTest@37d4349f]" name="reportTest" is-config="true" duration-ms="334" started-at="2019-01-14T07:55:25Z" finished-at="2019-01-14T07:55:26Z">
          <params>
            <param index="0">
              <value>
                <![CDATA[[TestResult name=watchListapiTWC status=SUCCESS method=IPVSSmartTvTest.watchListapiTWC()[pri:0, instance:sth.ipvs.IPVSSmartTvTest@37d4349f] output={null}]]]>
              </value>
            </param>
          </params>
          <reporter-output>
          </reporter-output>
        </test-method> <!-- reportTest -->
        <test-method status="PASS" signature="runCleanupMethods()[pri:0, instance:sth.ipvs.IPVSSmartTvTest@37d4349f]" name="runCleanupMethods" is-config="true" duration-ms="0" started-at="2019-01-14T07:55:26Z" finished-at="2019-01-14T07:55:26Z">
          <reporter-output>
          </reporter-output>
        </test-method> <!-- runCleanupMethods -->
      </class> <!-- sth.ipvs.IPVSSmartTvTest -->
      <class name="sth.ipvs.IPVSCapabilitiesTest">
        <test-method status="PASS" signature="initializeIPVS()[pri:0, instance:sth.ipvs.IPVSCapabilitiesTest@7c711375]" name="initializeIPVS" is-config="true" duration-ms="438" started-at="2019-01-14T07:53:54Z" finished-at="2019-01-14T07:53:54Z">
          <reporter-output>
          </reporter-output>
        </test-method> <!-- initializeIPVS -->
        <test-method status="PASS" signature="setupSTHTest(java.lang.reflect.Method, org.testng.ITestResult)[pri:0, instance:sth.ipvs.IPVSCapabilitiesTest@7c711375]" name="setupSTHTest" is-config="true" duration-ms="5" started-at="2019-01-14T07:53:54Z" finished-at="2019-01-14T07:53:54Z">
          <params>
            <param index="0">
              <value>
                <![CDATA[public void sth.ipvs.IPVSCapabilitiesTest.ipvscapabilitiescallCHTR()]]>
              </value>
            </param>
            <param index="1">
              <value>
                <![CDATA[[TestResult name=ipvscapabilitiescallCHTR status=SUCCESS method=IPVSCapabilitiesTest.ipvscapabilitiescallCHTR()[pri:0, instance:sth.ipvs.IPVSCapabilitiesTest@7c711375] output={null}]]]>
              </value>
            </param>
          </params>
          <reporter-output>
          </reporter-output>
        </test-method> <!-- setupSTHTest -->
        <test-method status="PASS" signature="testStartup()[pri:0, instance:sth.ipvs.IPVSCapabilitiesTest@7c711375]" name="testStartup" is-config="true" duration-ms="1" started-at="2019-01-14T07:53:54Z" finished-at="2019-01-14T07:53:54Z">
          <reporter-output>
          </reporter-output>
        </test-method> <!-- testStartup -->
        <test-method status="PASS" signature="ipvscapabilitiescallCHTR()[pri:0, instance:sth.ipvs.IPVSCapabilitiesTest@7c711375]" name="ipvscapabilitiescallCHTR" duration-ms="3157" started-at="2019-01-14T07:53:54Z" finished-at="2019-01-14T07:53:57Z">
          <reporter-output>
          </reporter-output>
        </test-method> <!-- ipvscapabilitiescallCHTR -->
        <test-method status="PASS" signature="reportTest(org.testng.ITestResult)[pri:0, instance:sth.ipvs.IPVSCapabilitiesTest@7c711375]" name="reportTest" is-config="true" duration-ms="1489" started-at="2019-01-14T07:53:57Z" finished-at="2019-01-14T07:53:59Z">
          <params>
            <param index="0">
              <value>
                <![CDATA[[TestResult name=ipvscapabilitiescallCHTR status=SUCCESS method=IPVSCapabilitiesTest.ipvscapabilitiescallCHTR()[pri:0, instance:sth.ipvs.IPVSCapabilitiesTest@7c711375] output={null}]]]>
              </value>
            </param>
          </params>
          <reporter-output>
          </reporter-output>
        </test-method> <!-- reportTest -->
        <test-method status="PASS" signature="runCleanupMethods()[pri:0, instance:sth.ipvs.IPVSCapabilitiesTest@7c711375]" name="runCleanupMethods" is-config="true" duration-ms="0" started-at="2019-01-14T07:53:59Z" finished-at="2019-01-14T07:53:59Z">
          <reporter-output>
          </reporter-output>
        </test-method> <!-- runCleanupMethods -->
        <test-method status="PASS" signature="setupSTHTest(java.lang.reflect.Method, org.testng.ITestResult)[pri:0, instance:sth.ipvs.IPVSCapabilitiesTest@7c711375]" name="setupSTHTest" is-config="true" duration-ms="1" started-at="2019-01-14T07:53:59Z" finished-at="2019-01-14T07:53:59Z">
          <params>
            <param index="0">
              <value>
                <![CDATA[public void sth.ipvs.IPVSCapabilitiesTest.ipvscapabilitiescallTWC()]]>
              </value>
            </param>
            <param index="1">
              <value>
                <![CDATA[[TestResult name=ipvscapabilitiescallTWC status=SUCCESS method=IPVSCapabilitiesTest.ipvscapabilitiescallTWC()[pri:0, instance:sth.ipvs.IPVSCapabilitiesTest@7c711375] output={null}]]]>
              </value>
            </param>
          </params>
          <reporter-output>
          </reporter-output>
        </test-method> <!-- setupSTHTest -->
        <test-method status="PASS" signature="ipvscapabilitiescallTWC()[pri:0, instance:sth.ipvs.IPVSCapabilitiesTest@7c711375]" name="ipvscapabilitiescallTWC" duration-ms="413" started-at="2019-01-14T07:53:59Z" finished-at="2019-01-14T07:53:59Z">
          <reporter-output>
          </reporter-output>
        </test-method> <!-- ipvscapabilitiescallTWC -->
        <test-method status="PASS" signature="testStartup()[pri:0, instance:sth.ipvs.IPVSCapabilitiesTest@7c711375]" name="testStartup" is-config="true" duration-ms="0" started-at="2019-01-14T07:53:59Z" finished-at="2019-01-14T07:53:59Z">
          <reporter-output>
          </reporter-output>
        </test-method> <!-- testStartup -->
        <test-method status="PASS" signature="reportTest(org.testng.ITestResult)[pri:0, instance:sth.ipvs.IPVSCapabilitiesTest@7c711375]" name="reportTest" is-config="true" duration-ms="339" started-at="2019-01-14T07:53:59Z" finished-at="2019-01-14T07:54:00Z">
          <params>
            <param index="0">
              <value>
                <![CDATA[[TestResult name=ipvscapabilitiescallTWC status=SUCCESS method=IPVSCapabilitiesTest.ipvscapabilitiescallTWC()[pri:0, instance:sth.ipvs.IPVSCapabilitiesTest@7c711375] output={null}]]]>
              </value>
            </param>
          </params>
          <reporter-output>
          </reporter-output>
        </test-method> <!-- reportTest -->
        <test-method status="PASS" signature="runCleanupMethods()[pri:0, instance:sth.ipvs.IPVSCapabilitiesTest@7c711375]" name="runCleanupMethods" is-config="true" duration-ms="0" started-at="2019-01-14T07:54:00Z" finished-at="2019-01-14T07:54:00Z">
          <reporter-output>
          </reporter-output>
        </test-method> <!-- runCleanupMethods -->
      </class> <!-- sth.ipvs.IPVSCapabilitiesTest -->
    </test> <!-- Command line test -->
  </suite> <!-- Command line suite -->
</testng-results>
