<?xml version="1.0" encoding="UTF-8" ?>
<testsuite tests="28" failures="3" name="TestSuite" time="78.258" errors="0" skipped="0">
  <properties>
[...]
</properties>
  <testcase classname="sth.ipvs.IPVSCapabilitiesTest" name="ipvscapabilitiescallCHTR" time="3.16"/>
  <testcase classname="sth.ipvs.IPVSCapabilitiesTest" name="ipvscapabilitiescallTWC" time="0.412"/>
  <testcase classname="sth.ipvs.IPVSSmartTvTest" name="ChannelsapiCHTR" time="8.245"/>
  <testcase classname="sth.ipvs.IPVSSmartTvTest" name="ChannelsapiTWC" time="7.279"/>
  <testcase classname="sth.ipvs.IPVSSmartTvTest" name="adobesessionCHTR" time="30.439">
    <failure message="error getting json data from https://pi.engnew-spectrum.net/ipvs/api/eas/v1/storecustomerfips?customerGuid=51585793&amp;ip=1.1.1.1&amp;mso=CHARTER&amp;requestId=STHAdobeSession-Charter:
HttpResponse:
HTTP/1.1 504 Gateway Timeout
Connection: keep-alive
Content-Length: 176
Content-Type: text/html
Date: Mon, 14 Jan 2019 07:54:47 GMT
Server: openresty
x-trace-id: 5ea609f28177-4dab-0000000000154ecb

&lt;html&gt;
&lt;head&gt;&lt;title&gt;504 Gateway Time-out&lt;/title&gt;&lt;/head&gt;
&lt;body bgcolor=&quot;white&quot;&gt;
&lt;center&gt;&lt;h1&gt;504 Gateway Time-out&lt;/h1&gt;&lt;/center&gt;
&lt;hr&gt;&lt;center&gt;nginx&lt;/center&gt;
&lt;/body&gt;
&lt;/html&gt;
" type="java.lang.RuntimeException">java.lang.RuntimeException: error getting json data from https://pi.engnew-spectrum.net/ipvs/api/eas/v1/storecustomerfips?customerGuid=51585793&amp;ip=1.1.1.1&amp;mso=CHARTER&amp;requestId=STHAdobeSession-Charter:
HttpResponse:
HTTP/1.1 504 Gateway Timeout
Connection: keep-alive
Content-Length: 176
Content-Type: text/html
Date: Mon, 14 Jan 2019 07:54:47 GMT
Server: openresty
x-trace-id: 5ea609f28177-4dab-0000000000154ecb
&lt;html&gt;
&lt;head&gt;&lt;title&gt;504 Gateway Time-out&lt;/title&gt;&lt;/head&gt;
&lt;body bgcolor=&quot;white&quot;&gt;
&lt;center&gt;&lt;h1&gt;504 Gateway Time-out&lt;/h1&gt;&lt;/center&gt;
&lt;hr&gt;&lt;center&gt;nginx&lt;/center&gt;
&lt;/body&gt;
&lt;/html&gt;

	at sth.ipvs.CustomRequest.getJson(CustomRequest.java:38)
	at sth.ipvs.IPVSSmartTvTest.adobesessionCHTR(IPVSSmartTvTest.java:358)
</failure>
    <system-out>2019-01-14 13:24:16,329 [main] INFO  LoggingReporter:17 - {
   &quot;product&quot; : &quot;IPVS-Demo&quot;,
   &quot;group&quot; : &quot;IPVSSmartTv&quot;,
   &quot;name&quot; : &quot;ChannelsapiTWC&quot;,
   &quot;description&quot; : &quot;Testing TWC Account IPVS Channels api Integration into STH /api/smarttv/channels/v2 STHChannels-TWC&quot;,
   &quot;status&quot; : &quot;PASS&quot;,
   &quot;duration&quot; : 7268,
   &quot;productVersion&quot; : &quot;demo-0.0.1&quot;,
   &quot;platform&quot; : &quot;engnew&quot;,
   &quot;username&quot; : &quot;426525&quot;
}
2019-01-14 13:24:16,965 [main] INFO  IPVSSmartTvTest:68 - ########################################################################
2019-01-14 13:24:16,965 [main] INFO  IPVSSmartTvTest:69 - ### adobesessionCHTR
2019-01-14 13:24:16,965 [main] INFO  IPVSSmartTvTest:71 - ### Testing CHTR Account IPVS adobe session api Integration into STH api/smarttv/adobe/session STHAdobeSession-Charter
2019-01-14 13:24:16,965 [main] INFO  IPVSSmartTvTest:73 - ########################################################################
2019-01-14 13:24:16,967 [main] INFO  RequestFactory:44 - GET https://pi.engnew-spectrum.net/ipvs/api/eas/v1/storecustomerfips?customerGuid=51585793&amp;ip=1.1.1.1&amp;mso=CHARTER&amp;requestId=STHAdobeSession-Charter
</system-out>
  </testcase>
  <testcase classname="sth.ipvs.IPVSSmartTvTest" name="adobesessionTWC" time="0.4"/>
  <testcase classname="sth.ipvs.IPVSSmartTvTest" name="bookmarksapiCHTR" time="0.54"/>
  <testcase classname="sth.ipvs.IPVSSmartTvTest" name="bookmarksapiTWC" time="0.488"/>
  <testcase classname="sth.ipvs.IPVSSmartTvTest" name="cdvrgetrecordingsapiCHTR" time="0.306">
    <failure message="error getting json data from https://pi.engnew-spectrum.net/kumodvr/api/cdvr/v1/users/46bcef3d943720ca9a701506b3780ebe/recordings?status=ALL&amp;requestId=STHGetRecordings-Charter:
HttpResponse:
HTTP/1.1 403 Forbidden
Connection: keep-alive
Content-Length: 10
Content-Type: text/plain
Date: Mon, 14 Jan 2019 07:54:51 GMT
Server: openresty
Transfer-Encoding: chunked
X-PI-Auth-Failure: 9001
x-trace-id: 5ea609f28177-4dab-0000000000154f12

Forbidden
" type="java.lang.RuntimeException">java.lang.RuntimeException: error getting json data from https://pi.engnew-spectrum.net/kumodvr/api/cdvr/v1/users/46bcef3d943720ca9a701506b3780ebe/recordings?status=ALL&amp;requestId=STHGetRecordings-Charter:
HttpResponse:
HTTP/1.1 403 Forbidden
Connection: keep-alive
Content-Length: 10
Content-Type: text/plain
Date: Mon, 14 Jan 2019 07:54:51 GMT
Server: openresty
Transfer-Encoding: chunked
X-PI-Auth-Failure: 9001
x-trace-id: 5ea609f28177-4dab-0000000000154f12
Forbidden

	at sth.ipvs.CustomRequest.getJson(CustomRequest.java:38)
	at sth.ipvs.IPVSSmartTvTest.cdvrgetrecordingsapiCHTR(IPVSSmartTvTest.java:396)
</failure>
    <system-out>2019-01-14 13:24:50,441 [main] INFO  LoggingReporter:17 - {
   &quot;product&quot; : &quot;IPVS-Demo&quot;,
   &quot;group&quot; : &quot;IPVSSmartTv&quot;,
   &quot;name&quot; : &quot;bookmarksapiTWC&quot;,
   &quot;description&quot; : &quot;Testing TWC Account IPVS BookMarks api Integration into STH /api/smarttv/bookmarks/v2 STHBookMark-TWC&quot;,
   &quot;status&quot; : &quot;PASS&quot;,
   &quot;duration&quot; : 489,
   &quot;productVersion&quot; : &quot;demo-0.0.1&quot;,
   &quot;platform&quot; : &quot;engnew&quot;,
   &quot;username&quot; : &quot;426525&quot;
}
2019-01-14 13:24:50,763 [main] INFO  IPVSSmartTvTest:68 - ########################################################################
2019-01-14 13:24:50,764 [main] INFO  IPVSSmartTvTest:69 - ### cdvrgetrecordingsapiCHTR
2019-01-14 13:24:50,764 [main] INFO  IPVSSmartTvTest:71 - ### Testing CHTR Account IPVS CDVR get recordings api Integration into STH kumodvr/api/cdvr/v1/users/&lt;ownerid&gt;/recordings STHGetRecordings-Charter
2019-01-14 13:24:50,764 [main] INFO  IPVSSmartTvTest:73 - ########################################################################
2019-01-14 13:24:50,765 [main] INFO  RequestFactory:44 - GET https://pi.engnew-spectrum.net/kumodvr/api/cdvr/v1/users/46bcef3d943720ca9a701506b3780ebe/recordings?status=ALL&amp;requestId=STHGetRecordings-Charter
</system-out>
  </testcase>
  <testcase classname="sth.ipvs.IPVSSmartTvTest" name="cdvrgetrecordingsapiTWC" time="0.31">
    <failure message="error getting json data from https://pi.engnew-spectrum.net/kumodvr/api/cdvr/v1/users/4e09854aaf4992240be1cc6935861c4e/recordings?status=ALL&amp;requestId=STHGetRecordings-TWC:
HttpResponse:
HTTP/1.1 403 Forbidden
Connection: keep-alive
Content-Length: 10
Content-Type: text/plain
Date: Mon, 14 Jan 2019 07:54:52 GMT
Server: openresty
Transfer-Encoding: chunked
X-PI-Auth-Failure: 9001
x-trace-id: 5ea609f28177-4dab-0000000000154f14

Forbidden
" type="java.lang.RuntimeException">java.lang.RuntimeException: error getting json data from https://pi.engnew-spectrum.net/kumodvr/api/cdvr/v1/users/4e09854aaf4992240be1cc6935861c4e/recordings?status=ALL&amp;requestId=STHGetRecordings-TWC:
HttpResponse:
HTTP/1.1 403 Forbidden
Connection: keep-alive
Content-Length: 10
Content-Type: text/plain
Date: Mon, 14 Jan 2019 07:54:52 GMT
Server: openresty
Transfer-Encoding: chunked
X-PI-Auth-Failure: 9001
x-trace-id: 5ea609f28177-4dab-0000000000154f14
Forbidden

	at sth.ipvs.CustomRequest.getJson(CustomRequest.java:38)
	at sth.ipvs.IPVSSmartTvTest.cdvrgetrecordingsapiTWC(IPVSSmartTvTest.java:407)
</failure>
    <system-out>2019-01-14 13:24:51,072 [main] ERROR IPVSSmartTvTest:134 - Error thrown by test: null
java.lang.RuntimeException: error getting json data from https://pi.engnew-spectrum.net/kumodvr/api/cdvr/v1/users/46bcef3d943720ca9a701506b3780ebe/recordings?status=ALL&amp;requestId=STHGetRecordings-Charter:
HttpResponse:
HTTP/1.1 403 Forbidden
Connection: keep-alive
Content-Length: 10
Content-Type: text/plain
Date: Mon, 14 Jan 2019 07:54:51 GMT
Server: openresty
Transfer-Encoding: chunked
X-PI-Auth-Failure: 9001
x-trace-id: 5ea609f28177-4dab-0000000000154f12

Forbidden

	at sth.ipvs.CustomRequest.getJson(CustomRequest.java:38)
	at sth.ipvs.IPVSSmartTvTest.cdvrgetrecordingsapiCHTR(IPVSSmartTvTest.java:396)
	at sun.reflect.NativeMethodAccessorImpl.invoke0(Native Method)
	at sun.reflect.NativeMethodAccessorImpl.invoke(NativeMethodAccessorImpl.java:62)
	at sun.reflect.DelegatingMethodAccessorImpl.invoke(DelegatingMethodAccessorImpl.java:43)
	at java.lang.reflect.Method.invoke(Method.java:498)
	at org.testng.internal.MethodInvocationHelper.invokeMethod(MethodInvocationHelper.java:124)
	at org.testng.internal.Invoker.invokeMethod(Invoker.java:583)
	at org.testng.internal.Invoker.invokeTestMethod(Invoker.java:719)
	at org.testng.internal.Invoker.invokeTestMethods(Invoker.java:989)
	at org.testng.internal.TestMethodWorker.invokeTestMethods(TestMethodWorker.java:125)
	at org.testng.internal.TestMethodWorker.run(TestMethodWorker.java:109)
	at org.testng.TestRunner.privateRun(TestRunner.java:648)
	at org.testng.TestRunner.run(TestRunner.java:505)
	at org.testng.SuiteRunner.runTest(SuiteRunner.java:455)
	at org.testng.SuiteRunner.runSequentially(SuiteRunner.java:450)
	at org.testng.SuiteRunner.privateRun(SuiteRunner.java:415)
	at org.testng.SuiteRunner.run(SuiteRunner.java:364)
	at org.testng.SuiteRunnerWorker.runSuite(SuiteRunnerWorker.java:52)
	at org.testng.SuiteRunnerWorker.run(SuiteRunnerWorker.java:84)
	at org.testng.TestNG.runSuitesSequentially(TestNG.java:1208)
	at org.testng.TestNG.runSuitesLocally(TestNG.java:1137)
	at org.testng.TestNG.runSuites(TestNG.java:1049)
	at org.testng.TestNG.run(TestNG.java:1017)
	at org.apache.maven.surefire.testng.TestNGExecutor.run(TestNGExecutor.java:77)
	at org.apache.maven.surefire.testng.TestNGDirectoryTestSuite.executeMulti(TestNGDirectoryTestSuite.java:159)
	at org.apache.maven.surefire.testng.TestNGDirectoryTestSuite.execute(TestNGDirectoryTestSuite.java:99)
	at org.apache.maven.surefire.testng.TestNGProvider.invoke(TestNGProvider.java:106)
	at sun.reflect.NativeMethodAccessorImpl.invoke0(Native Method)
	at sun.reflect.NativeMethodAccessorImpl.invoke(NativeMethodAccessorImpl.java:62)
	at sun.reflect.DelegatingMethodAccessorImpl.invoke(DelegatingMethodAccessorImpl.java:43)
	at java.lang.reflect.Method.invoke(Method.java:498)
	at org.apache.maven.surefire.util.ReflectionUtils.invokeMethodWithArray(ReflectionUtils.java:189)
	at org.apache.maven.surefire.booter.ProviderFactory$ProviderProxy.invoke(ProviderFactory.java:165)
	at org.apache.maven.surefire.booter.ProviderFactory.invokeProvider(ProviderFactory.java:85)
	at org.apache.maven.surefire.booter.ForkedBooter.runSuitesInProcess(ForkedBooter.java:115)
	at org.apache.maven.surefire.booter.ForkedBooter.main(ForkedBooter.java:75)
2019-01-14 13:24:51,073 [main] INFO  LoggingReporter:17 - {
   &quot;product&quot; : &quot;IPVS-Demo&quot;,
   &quot;group&quot; : &quot;IPVSSmartTv&quot;,
   &quot;name&quot; : &quot;cdvrgetrecordingsapiCHTR&quot;,
   &quot;description&quot; : &quot;Testing CHTR Account IPVS CDVR get recordings api Integration into STH kumodvr/api/cdvr/v1/users/&lt;ownerid&gt;/recordings STHGetRecordings-Charter&quot;,
   &quot;status&quot; : &quot;ERROR&quot;,
   &quot;runDescription&quot; : &quot;RuntimeException: error getting json data from https://pi.engnew-spectrum.net/kumodvr/api/cdvr/v1/users/46bcef3d943720ca9a701506b3780ebe/recordings?status=ALL&amp;requestId=STHGetRecordings-Charter:\nHttpResponse:\nHTTP/1.1 403 Forbidden\nConnection: keep-alive\nContent-Length: 10\nContent-Type: text/plain\nDate: Mon, 14 Jan 2&quot;,
   &quot;duration&quot; : 307,
   &quot;productVersion&quot; : &quot;demo-0.0.1&quot;,
   &quot;platform&quot; : &quot;engnew&quot;,
   &quot;username&quot; : &quot;426525&quot;
}
2019-01-14 13:24:51,392 [main] INFO  IPVSSmartTvTest:68 - ########################################################################
2019-01-14 13:24:51,393 [main] INFO  IPVSSmartTvTest:69 - ### cdvrgetrecordingsapiTWC
2019-01-14 13:24:51,393 [main] INFO  IPVSSmartTvTest:71 - ### Testing TWC Account IPVS CDVR get recordings api Integration into STH kumodvr/api/cdvr/v1/users/&lt;ownerid&gt;/recordings STHGetRecordings-TWC
2019-01-14 13:24:51,393 [main] INFO  IPVSSmartTvTest:73 - ########################################################################
2019-01-14 13:24:51,394 [main] INFO  RequestFactory:44 - GET https://pi.engnew-spectrum.net/kumodvr/api/cdvr/v1/users/4e09854aaf4992240be1cc6935861c4e/recordings?status=ALL&amp;requestId=STHGetRecordings-TWC
</system-out>
  </testcase>
  <testcase classname="sth.ipvs.IPVSSmartTvTest" name="favoritesChannelapiCHTR" time="0.408"/>
  <testcase classname="sth.ipvs.IPVSSmartTvTest" name="favoritesChannelapiTWC" time="0.393"/>
  <testcase classname="sth.ipvs.IPVSSmartTvTest" name="fipsapiCHTR" time="0.41"/>
  <testcase classname="sth.ipvs.IPVSSmartTvTest" name="fipsapiTWC" time="0.412"/>
  <testcase classname="sth.ipvs.IPVSSmartTvTest" name="guidegridapiCHTR" time="1.421"/>
  <testcase classname="sth.ipvs.IPVSSmartTvTest" name="guidegridapiTWC" time="1.155"/>
  <testcase classname="sth.ipvs.IPVSSmartTvTest" name="lineupapiCHTR" time="0.38"/>
  <testcase classname="sth.ipvs.IPVSSmartTvTest" name="linuepapiTWC" time="0.423"/>
  <testcase classname="sth.ipvs.IPVSSmartTvTest" name="locationapiCHTR" time="0.408"/>
  <testcase classname="sth.ipvs.IPVSSmartTvTest" name="locationapiTWC" time="0.45"/>
  <testcase classname="sth.ipvs.IPVSSmartTvTest" name="parentalBlockedChannelsapiCHTR" time="10.372"/>
  <testcase classname="sth.ipvs.IPVSSmartTvTest" name="parentalBlockedChannelsapiTWC" time="7.685"/>
  <testcase classname="sth.ipvs.IPVSSmartTvTest" name="parentalcontrolcallCHTR" time="0.412"/>
  <testcase classname="sth.ipvs.IPVSSmartTvTest" name="parentalcontrolcallTWC" time="0.428"/>
  <testcase classname="sth.ipvs.IPVSSmartTvTest" name="parentalratingapiTWC" time="0.39"/>
  <testcase classname="sth.ipvs.IPVSSmartTvTest" name="parentalratingsapiCHTR" time="0.418"/>
  <testcase classname="sth.ipvs.IPVSSmartTvTest" name="watchListapiCHTR" time="0.598"/>
  <testcase classname="sth.ipvs.IPVSSmartTvTest" name="watchListapiTWC" time="0.516"/>
</testsuite>